2021-12-13 00:20:33  [ main:0 ] - [ DEBUG ]  
debug
2021-12-13 00:20:33  [ main:9 ] - [ INFO ]  
info
2021-12-13 00:20:33  [ main:10 ] - [ WARN ]  
warn
2021-12-13 00:20:33  [ main:10 ] - [ ERROR ]  
error
2021-12-13 00:20:33  [ main:247 ] - [ DEBUG ]  
Dig to clean the org.apache.flink.api.common.typeutils.base.StringSerializer
2021-12-13 00:20:33  [ main:260 ] - [ DEBUG ]  
Dig to clean the [B
2021-12-13 00:20:33  [ main:277 ] - [ DEBUG ]  
Dig to clean the java.lang.Integer
2021-12-13 00:20:33  [ main:279 ] - [ DEBUG ]  
Dig to clean the java.lang.Integer
2021-12-13 00:20:33  [ main:279 ] - [ DEBUG ]  
Dig to clean the java.lang.Integer
2021-12-13 00:20:33  [ main:279 ] - [ DEBUG ]  
Dig to clean the java.lang.Boolean
2021-12-13 00:20:33  [ main:312 ] - [ DEBUG ]  
Dig to clean the org.apache.flink.api.common.functions.util.PrintSinkOutputWriter
2021-12-13 00:20:33  [ main:313 ] - [ DEBUG ]  
Dig to clean the java.lang.Boolean
2021-12-13 00:20:33  [ main:313 ] - [ DEBUG ]  
Dig to clean the java.lang.String
2021-12-13 00:20:33  [ main:313 ] - [ DEBUG ]  
Dig to clean the [C
2021-12-13 00:20:33  [ main:315 ] - [ DEBUG ]  
Dig to clean the java.lang.Integer
2021-12-13 00:20:33  [ main:361 ] - [ DEBUG ]  
Dig to clean the java.lang.Integer
2021-12-13 00:20:33  [ main:364 ] - [ WARN ]  
Property [transaction.timeout.ms] not specified. Setting it to 3600000 ms
2021-12-13 00:20:33  [ main:368 ] - [ DEBUG ]  
Dig to clean the java.util.Properties
2021-12-13 00:20:33  [ main:371 ] - [ DEBUG ]  
Dig to clean the java.lang.String
2021-12-13 00:20:33  [ main:371 ] - [ DEBUG ]  
Dig to clean the [C
2021-12-13 00:20:33  [ main:371 ] - [ DEBUG ]  
Dig to clean the java.lang.Integer
2021-12-13 00:20:33  [ main:371 ] - [ DEBUG ]  
Dig to clean the org.apache.flink.streaming.connectors.kafka.internals.KeyedSerializationSchemaWrapper
2021-12-13 00:20:33  [ main:371 ] - [ DEBUG ]  
Dig to clean the org.apache.flink.api.common.serialization.SimpleStringSchema
2021-12-13 00:20:33  [ main:371 ] - [ DEBUG ]  
Dig to clean the org.apache.flink.streaming.connectors.kafka.partitioner.FlinkFixedPartitioner
2021-12-13 00:20:33  [ main:371 ] - [ DEBUG ]  
Dig to clean the java.lang.Integer
2021-12-13 00:20:33  [ main:373 ] - [ DEBUG ]  
Dig to clean the java.util.HashMap
2021-12-13 00:20:33  [ main:373 ] - [ DEBUG ]  
Dig to clean the java.lang.Integer
2021-12-13 00:20:33  [ main:373 ] - [ DEBUG ]  
Dig to clean the java.util.concurrent.LinkedBlockingDeque
2021-12-13 00:20:33  [ main:373 ] - [ DEBUG ]  
Dig to clean the java.lang.Boolean
2021-12-13 00:20:33  [ main:373 ] - [ DEBUG ]  
Dig to clean the java.lang.Boolean
2021-12-13 00:20:33  [ main:373 ] - [ DEBUG ]  
Dig to clean the org.apache.flink.streaming.connectors.kafka.FlinkKafkaProducer011$Semantic
2021-12-13 00:20:33  [ main:373 ] - [ DEBUG ]  
Dig to clean the java.util.concurrent.atomic.AtomicLong
2021-12-13 00:20:33  [ main:373 ] - [ DEBUG ]  
Dig to clean the java.lang.Long
2021-12-13 00:20:33  [ main:375 ] - [ DEBUG ]  
Dig to clean the java.util.HashMap
2021-12-13 00:20:33  [ main:443 ] - [ DEBUG ]  
Transforming SinkTransformation{id=2, name='Print to Std. Out', outputType=GenericType<java.lang.Object>, parallelism=1}
2021-12-13 00:20:33  [ main:443 ] - [ DEBUG ]  
Transforming SourceTransformation{id=1, name='Collection Source', outputType=String, parallelism=1}
2021-12-13 00:20:33  [ main:454 ] - [ DEBUG ]  
Vertex: 1
2021-12-13 00:20:33  [ main:455 ] - [ DEBUG ]  
Vertex: 2
2021-12-13 00:20:33  [ main:459 ] - [ DEBUG ]  
Transforming SinkTransformation{id=3, name='Unnamed', outputType=GenericType<java.lang.Object>, parallelism=1}
2021-12-13 00:20:33  [ main:459 ] - [ DEBUG ]  
Vertex: 3
2021-12-13 00:20:33  [ main:530 ] - [ DEBUG ]  
Generated hash 'e3dfc0d7e9ecd8a43f85f0b68ebf3b80' for node 'Source: Collection Source-1' {id: 1, parallelism: 1, user function: org.apache.flink.streaming.api.functions.source.FromElementsFunction}
2021-12-13 00:20:33  [ main:530 ] - [ DEBUG ]  
Generated hash '55ed089c8063510c7ff35d8fe8aecfff' for node 'Sink: Print to Std. Out-2' {id: 2, parallelism: 1, user function: org.apache.flink.streaming.api.functions.sink.PrintSinkFunction}
2021-12-13 00:20:33  [ main:530 ] - [ DEBUG ]  
Generated hash '03f86923ea4164263684d81917202071' for node 'Sink: Unnamed-3' {id: 3, parallelism: 1, user function: org.apache.flink.streaming.connectors.kafka.FlinkKafkaProducer011}
2021-12-13 00:20:34  [ main:580 ] - [ DEBUG ]  
Parallelism set: 1 for 1
2021-12-13 00:20:34  [ main:690 ] - [ INFO ]  
The configuration option Key: 'taskmanager.cpu.cores' , default: null (fallback keys: []) required for local execution is not set, setting it to its default value 1.7976931348623157E308
2021-12-13 00:20:34  [ main:693 ] - [ INFO ]  
The configuration option Key: 'taskmanager.memory.task.heap.size' , default: null (fallback keys: []) required for local execution is not set, setting it to its default value 9223372036854775807 bytes
2021-12-13 00:20:34  [ main:693 ] - [ INFO ]  
The configuration option Key: 'taskmanager.memory.task.off-heap.size' , default: 0 bytes (fallback keys: []) required for local execution is not set, setting it to its default value 9223372036854775807 bytes
2021-12-13 00:20:34  [ main:693 ] - [ INFO ]  
The configuration option Key: 'taskmanager.memory.network.min' , default: 64 mb (fallback keys: [{key=taskmanager.network.memory.min, isDeprecated=true}]) required for local execution is not set, setting it to its default value 64 mb
2021-12-13 00:20:34  [ main:693 ] - [ INFO ]  
The configuration option Key: 'taskmanager.memory.network.max' , default: 1 gb (fallback keys: [{key=taskmanager.network.memory.max, isDeprecated=true}]) required for local execution is not set, setting it to its default value 64 mb
2021-12-13 00:20:34  [ main:695 ] - [ INFO ]  
The configuration option Key: 'taskmanager.memory.managed.size' , default: null (fallback keys: [{key=taskmanager.memory.size, isDeprecated=true}]) required for local execution is not set, setting it to its default value 128 mb
2021-12-13 00:20:34  [ main:723 ] - [ INFO ]  
Starting Flink Mini Cluster
2021-12-13 00:20:34  [ main:723 ] - [ DEBUG ]  
Using configuration MiniClusterConfiguration {singleRpcService=SHARED, numTaskManagers=1, commonBindAddress='null', config={taskmanager.memory.network.min=64 mb, taskmanager.cpu.cores=1.7976931348623157E308, taskmanager.memory.task.off-heap.size=9223372036854775807 bytes, execution.target=local, rest.bind-port=0, taskmanager.memory.network.max=64 mb, execution.attached=true, jobmanager.scheduler=ng, taskmanager.memory.managed.size=128 mb, taskmanager.numberOfTaskSlots=1, taskmanager.memory.task.heap.size=9223372036854775807 bytes, rest.address=localhost}}
2021-12-13 00:20:34  [ main:725 ] - [ INFO ]  
Starting Metrics Registry
2021-12-13 00:20:34  [ main:806 ] - [ INFO ]  
No metrics reporter configured, no metrics will be exposed/reported.
2021-12-13 00:20:34  [ main:806 ] - [ INFO ]  
Starting RPC Service(s)
2021-12-13 00:20:35  [ flink-akka.actor.default-dispatcher-2:2187 ] - [ INFO ]  
Slf4jLogger started
2021-12-13 00:20:35  [ flink-akka.actor.default-dispatcher-2:2213 ] - [ DEBUG ]  
logger log1-Slf4jLogger started
2021-12-13 00:20:35  [ flink-akka.actor.default-dispatcher-2:2216 ] - [ DEBUG ]  
Default Loggers started
2021-12-13 00:20:35  [ main:2410 ] - [ INFO ]  
Trying to start actor system at :0
2021-12-13 00:20:35  [ main:2423 ] - [ DEBUG ]  
Using akka configuration
 Config(SimpleConfigObject({"akka":{"actor":{"default-dispatcher":{"executor":"thread-pool-executor","thread-pool-executor":{"core-pool-size-max":1,"core-pool-size-min":1},"thread-priority":1,"throughput":15,"type":"akka.dispatch.PriorityThreadsDispatcher"},"guardian-supervisor-strategy":"org.apache.flink.runtime.akka.StoppingSupervisorWithoutLoggingActorKilledExceptionStrategy","provider":"akka.remote.RemoteActorRefProvider","warn-about-java-serializer-usage":"off"},"daemonic":"off","jvm-exit-on-fatal-error":"on","log-config-on-start":"off","log-dead-letters":"off","log-dead-letters-during-shutdown":"off","loggers":["akka.event.slf4j.Slf4jLogger"],"logging-filter":"akka.event.slf4j.Slf4jLoggingFilter","loglevel":"DEBUG","remote":{"log-remote-lifecycle-events":"off","netty":{"tcp":{"bind-hostname":"0.0.0.0","bind-port":0,"client-socket-worker-pool":{"pool-size-factor":1,"pool-size-max":2,"pool-size-min":1},"connection-timeout":"20000ms","hostname":"","maximum-frame-size":"10485760b","port":0,"server-socket-worker-pool":{"pool-size-factor":1,"pool-size-max":2,"pool-size-min":1},"tcp-nodelay":"on","transport-class":"akka.remote.transport.netty.NettyTransport"}},"retry-gate-closed-for":"50 ms","startup-timeout":"100000ms","transport-failure-detector":{"acceptable-heartbeat-pause":"6000000ms","heartbeat-interval":"1000000ms","threshold":300}},"serialize-messages":"off","stdout-loglevel":"OFF"}}))
2021-12-13 00:20:35  [ flink-metrics-2:2485 ] - [ INFO ]  
Slf4jLogger started
2021-12-13 00:20:35  [ flink-metrics-2:2487 ] - [ DEBUG ]  
logger log1-Slf4jLogger started
2021-12-13 00:20:35  [ flink-metrics-2:2488 ] - [ DEBUG ]  
Default Loggers started
2021-12-13 00:20:35  [ flink-metrics-2:2504 ] - [ INFO ]  
Starting remoting
2021-12-13 00:20:36  [ flink-metrics-akka.remote.default-remote-dispatcher-4:2562 ] - [ DEBUG ]  
Using select timeout of 500
2021-12-13 00:20:36  [ flink-metrics-akka.remote.default-remote-dispatcher-4:2562 ] - [ DEBUG ]  
Epoll-bug workaround enabled = false
2021-12-13 00:20:36  [ flink-metrics-2:2800 ] - [ INFO ]  
Remoting started; listening on addresses :[akka.tcp://flink-metrics@192.168.10.22:54466]
2021-12-13 00:20:36  [ main:2856 ] - [ INFO ]  
Actor system started at akka.tcp://flink-metrics@192.168.10.22:54466
2021-12-13 00:20:36  [ main:2864 ] - [ INFO ]  
Starting RPC endpoint for org.apache.flink.runtime.metrics.dump.MetricQueryService at akka://flink-metrics/user/MetricQueryService .
2021-12-13 00:20:36  [ main:2933 ] - [ INFO ]  
Starting high-availability services
2021-12-13 00:20:36  [ main:2948 ] - [ INFO ]  
Created BLOB server storage directory C:\Users\zzj\AppData\Local\Temp\blobStore-8a6adcef-6bbe-4d54-ae1c-5ac106e0b16b
2021-12-13 00:20:36  [ main:2949 ] - [ DEBUG ]  
Trying to open socket on port 0
2021-12-13 00:20:36  [ main:2951 ] - [ INFO ]  
Started BLOB server at 0.0.0.0:54467 - max concurrent requests: 50 - max backlog: 1000
2021-12-13 00:20:36  [ main:2955 ] - [ INFO ]  
Created BLOB cache storage directory C:\Users\zzj\AppData\Local\Temp\blobStore-e198b62f-ceab-4265-9bb0-d73471ff801b
2021-12-13 00:20:36  [ main:2958 ] - [ INFO ]  
Created BLOB cache storage directory C:\Users\zzj\AppData\Local\Temp\blobStore-d279b201-61b4-4e3c-8fd1-becd0a58c9a8
2021-12-13 00:20:36  [ main:2958 ] - [ INFO ]  
Starting 1 TaskManger(s)
2021-12-13 00:20:36  [ main:2964 ] - [ INFO ]  
Starting TaskManager with ResourceID: 42c21fbe-fd0f-4acf-b1fe-b61547c3758a
2021-12-13 00:20:36  [ main:2971 ] - [ WARN ]  
No hostname could be resolved for the IP address 127.0.0.1, using IP address as host name. Local input split assignment (such as for HDFS files) may be impacted.
2021-12-13 00:20:36  [ main:2981 ] - [ INFO ]  
Temporary file directory 'C:\Users\zzj\AppData\Local\Temp': total 499 GB, usable 423 GB (84.77% usable)
2021-12-13 00:20:36  [ main:2985 ] - [ INFO ]  
FileChannelManager uses directory C:\Users\zzj\AppData\Local\Temp\flink-io-f6d5c211-d8e0-4942-a91c-774c02d52743 for spill files.
2021-12-13 00:20:36  [ main:2994 ] - [ INFO ]  
FileChannelManager uses directory C:\Users\zzj\AppData\Local\Temp\flink-netty-shuffle-7b56d486-fdb8-448b-920f-49056c08392e for spill files.
2021-12-13 00:20:36  [ main:3044 ] - [ INFO ]  
Allocated 64 MB for network buffer pool (number of memory segments: 2048, bytes per segment: 32768).
2021-12-13 00:20:36  [ main:3051 ] - [ INFO ]  
Starting the network environment and its components.
2021-12-13 00:20:36  [ main:3051 ] - [ DEBUG ]  
Starting network connection manager
2021-12-13 00:20:36  [ main:3053 ] - [ INFO ]  
Starting the kvState service and its components.
2021-12-13 00:20:36  [ main:3053 ] - [ WARN ]  
No hostname could be resolved for the IP address 127.0.0.1, using IP address as host name. Local input split assignment (such as for HDFS files) may be impacted.
2021-12-13 00:20:36  [ main:3063 ] - [ INFO ]  
Messages have a max timeout of 10000 ms
2021-12-13 00:20:36  [ main:3097 ] - [ INFO ]  
Starting RPC endpoint for org.apache.flink.runtime.taskexecutor.TaskExecutor at akka://flink/user/taskmanager_0 .
2021-12-13 00:20:36  [ flink-akka.actor.default-dispatcher-3:3112 ] - [ INFO ]  
Start job leader service.
2021-12-13 00:20:36  [ flink-akka.actor.default-dispatcher-3:3114 ] - [ INFO ]  
User file cache uses directory C:\Users\zzj\AppData\Local\Temp\flink-dist-cache-34312c35-2f96-428a-9b3e-c614e4fdcb0e
2021-12-13 00:20:36  [ main:3169 ] - [ DEBUG ]  
Starting Dispatcher REST endpoint.
2021-12-13 00:20:36  [ main:3169 ] - [ INFO ]  
Starting rest endpoint.
2021-12-13 00:20:36  [ main:3398 ] - [ DEBUG ]  
Using SLF4J as the default logging framework
2021-12-13 00:20:36  [ main:3398 ] - [ DEBUG ]  
-Dio.netty.threadLocalMap.stringBuilder.initialSize: 1024
2021-12-13 00:20:36  [ main:3398 ] - [ DEBUG ]  
-Dio.netty.threadLocalMap.stringBuilder.maxSize: 4096
2021-12-13 00:20:36  [ main:3489 ] - [ WARN ]  
Log file environment variable 'log.file' is not set.
2021-12-13 00:20:36  [ main:3491 ] - [ WARN ]  
JobManager log files are unavailable in the web dashboard. Log file location not found in environment variable 'log.file' or configuration key 'Key: 'web.log.path' , default: null (fallback keys: [{key=jobmanager.web.log.path, isDeprecated=true}])'.
2021-12-13 00:20:36  [ main:3510 ] - [ DEBUG ]  
Failed to load web based job submission extension.
org.apache.flink.util.FlinkException: The module flink-runtime-web could not be found in the class path. Please add this jar in order to enable web based job submission.
	at org.apache.flink.runtime.webmonitor.WebMonitorUtils.loadWebSubmissionExtension(WebMonitorUtils.java:192)
	at org.apache.flink.runtime.dispatcher.DispatcherRestEndpoint.initializeHandlers(DispatcherRestEndpoint.java:101)
	at org.apache.flink.runtime.rest.RestServerEndpoint.start(RestServerEndpoint.java:145)
	at org.apache.flink.runtime.entrypoint.component.DefaultDispatcherResourceManagerComponentFactory.create(DefaultDispatcherResourceManagerComponentFactory.java:165)
	at org.apache.flink.runtime.minicluster.MiniCluster.createDispatcherResourceManagerComponents(MiniCluster.java:394)
	at org.apache.flink.runtime.minicluster.MiniCluster.setupDispatcherResourceManagerComponents(MiniCluster.java:360)
	at org.apache.flink.runtime.minicluster.MiniCluster.start(MiniCluster.java:314)
	at org.apache.flink.client.program.PerJobMiniClusterFactory.submitJob(PerJobMiniClusterFactory.java:79)
	at org.apache.flink.client.deployment.executors.LocalExecutor.execute(LocalExecutor.java:81)
	at org.apache.flink.streaming.api.environment.StreamExecutionEnvironment.executeAsync(StreamExecutionEnvironment.java:1733)
	at org.apache.flink.streaming.api.environment.StreamExecutionEnvironment.execute(StreamExecutionEnvironment.java:1634)
	at org.apache.flink.streaming.api.environment.LocalStreamEnvironment.execute(LocalStreamEnvironment.java:74)
	at org.apache.flink.streaming.api.environment.StreamExecutionEnvironment.execute(StreamExecutionEnvironment.java:1620)
	at org.apache.flink.streaming.api.environment.StreamExecutionEnvironment.execute(StreamExecutionEnvironment.java:1602)
	at F01_SenToKafka.main(F01_SenToKafka.java:42)
2021-12-13 00:20:37  [ main:3549 ] - [ DEBUG ]  
Platform: Windows
2021-12-13 00:20:37  [ main:3551 ] - [ DEBUG ]  
-Dio.netty.noUnsafe: false
2021-12-13 00:20:37  [ main:3551 ] - [ DEBUG ]  
Java version: 8
2021-12-13 00:20:37  [ main:3553 ] - [ DEBUG ]  
sun.misc.Unsafe.theUnsafe: available
2021-12-13 00:20:37  [ main:3553 ] - [ DEBUG ]  
sun.misc.Unsafe.copyMemory: available
2021-12-13 00:20:37  [ main:3554 ] - [ DEBUG ]  
java.nio.Buffer.address: available
2021-12-13 00:20:37  [ main:3554 ] - [ DEBUG ]  
direct buffer constructor: available
2021-12-13 00:20:37  [ main:3554 ] - [ DEBUG ]  
java.nio.Bits.unaligned: available, true
2021-12-13 00:20:37  [ main:3554 ] - [ DEBUG ]  
jdk.internal.misc.Unsafe.allocateUninitializedArray(int): unavailable prior to Java9
2021-12-13 00:20:37  [ main:3554 ] - [ DEBUG ]  
java.nio.DirectByteBuffer.<init>(long, int): available
2021-12-13 00:20:37  [ main:3554 ] - [ DEBUG ]  
sun.misc.Unsafe: available
2021-12-13 00:20:37  [ main:3556 ] - [ DEBUG ]  
-Dio.netty.tmpdir: C:\Users\zzj\AppData\Local\Temp (java.io.tmpdir)
2021-12-13 00:20:37  [ main:3556 ] - [ DEBUG ]  
-Dio.netty.bitMode: 64 (sun.arch.data.model)
2021-12-13 00:20:37  [ main:3557 ] - [ DEBUG ]  
-Dio.netty.maxDirectMemory: 3817865216 bytes
2021-12-13 00:20:37  [ main:3557 ] - [ DEBUG ]  
-Dio.netty.uninitializedArrayAllocationThreshold: -1
2021-12-13 00:20:37  [ main:3558 ] - [ DEBUG ]  
java.nio.ByteBuffer.cleaner(): available
2021-12-13 00:20:37  [ main:3558 ] - [ DEBUG ]  
-Dio.netty.noPreferDirect: false
2021-12-13 00:20:37  [ main:3560 ] - [ DEBUG ]  
Register handler org.apache.flink.runtime.rest.handler.cluster.ShutdownHandler@720653c2 under DELETE@/v1/cluster.
2021-12-13 00:20:37  [ main:3562 ] - [ DEBUG ]  
Register handler org.apache.flink.runtime.rest.handler.cluster.ShutdownHandler@720653c2 under DELETE@/cluster.
2021-12-13 00:20:37  [ main:3562 ] - [ DEBUG ]  
Register handler org.apache.flink.runtime.rest.handler.cluster.DashboardConfigHandler@67a056f1 under GET@/v1/config.
2021-12-13 00:20:37  [ main:3562 ] - [ DEBUG ]  
Register handler org.apache.flink.runtime.rest.handler.cluster.DashboardConfigHandler@67a056f1 under GET@/config.
2021-12-13 00:20:37  [ main:3562 ] - [ DEBUG ]  
Register handler org.apache.flink.runtime.rest.handler.cluster.ClusterConfigHandler@1dab9dd6 under GET@/v1/jobmanager/config.
2021-12-13 00:20:37  [ main:3562 ] - [ DEBUG ]  
Register handler org.apache.flink.runtime.rest.handler.cluster.ClusterConfigHandler@1dab9dd6 under GET@/jobmanager/config.
2021-12-13 00:20:37  [ main:3562 ] - [ DEBUG ]  
Register handler org.apache.flink.runtime.rest.handler.legacy.ConstantTextHandler@247667dd under GET@/v1/jobmanager/log.
2021-12-13 00:20:37  [ main:3562 ] - [ DEBUG ]  
Register handler org.apache.flink.runtime.rest.handler.legacy.ConstantTextHandler@247667dd under GET@/jobmanager/log.
2021-12-13 00:20:37  [ main:3564 ] - [ DEBUG ]  
Register handler org.apache.flink.runtime.rest.handler.job.metrics.JobManagerMetricsHandler@6f099cef under GET@/v1/jobmanager/metrics.
2021-12-13 00:20:37  [ main:3564 ] - [ DEBUG ]  
Register handler org.apache.flink.runtime.rest.handler.job.metrics.JobManagerMetricsHandler@6f099cef under GET@/jobmanager/metrics.
2021-12-13 00:20:37  [ main:3564 ] - [ DEBUG ]  
Register handler org.apache.flink.runtime.rest.handler.legacy.ConstantTextHandler@afb5821 under GET@/v1/jobmanager/stdout.
2021-12-13 00:20:37  [ main:3564 ] - [ DEBUG ]  
Register handler org.apache.flink.runtime.rest.handler.legacy.ConstantTextHandler@afb5821 under GET@/jobmanager/stdout.
2021-12-13 00:20:37  [ main:3564 ] - [ DEBUG ]  
Register handler org.apache.flink.runtime.rest.handler.job.JobIdsHandler@4bff2185 under GET@/v1/jobs.
2021-12-13 00:20:37  [ main:3564 ] - [ DEBUG ]  
Register handler org.apache.flink.runtime.rest.handler.job.JobIdsHandler@4bff2185 under GET@/jobs.
2021-12-13 00:20:37  [ main:3564 ] - [ DEBUG ]  
Register handler org.apache.flink.runtime.rest.handler.job.JobSubmitHandler@5c20ffa8 under POST@/v1/jobs.
2021-12-13 00:20:37  [ main:3564 ] - [ DEBUG ]  
Register handler org.apache.flink.runtime.rest.handler.job.JobSubmitHandler@5c20ffa8 under POST@/jobs.
2021-12-13 00:20:37  [ main:3564 ] - [ DEBUG ]  
Register handler org.apache.flink.runtime.rest.handler.job.metrics.AggregatingJobsMetricsHandler@7fedfe27 under GET@/v1/jobs/metrics.
2021-12-13 00:20:37  [ main:3564 ] - [ DEBUG ]  
Register handler org.apache.flink.runtime.rest.handler.job.metrics.AggregatingJobsMetricsHandler@7fedfe27 under GET@/jobs/metrics.
2021-12-13 00:20:37  [ main:3564 ] - [ DEBUG ]  
Register handler org.apache.flink.runtime.rest.handler.job.JobsOverviewHandler@2f879bab under GET@/v1/jobs/overview.
2021-12-13 00:20:37  [ main:3564 ] - [ DEBUG ]  
Register handler org.apache.flink.runtime.rest.handler.job.JobsOverviewHandler@2f879bab under GET@/jobs/overview.
2021-12-13 00:20:37  [ main:3564 ] - [ DEBUG ]  
Register handler org.apache.flink.runtime.rest.handler.job.JobDetailsHandler@1d4664d7 under GET@/v1/jobs/:jobid.
2021-12-13 00:20:37  [ main:3564 ] - [ DEBUG ]  
Register handler org.apache.flink.runtime.rest.handler.job.JobDetailsHandler@1d4664d7 under GET@/jobs/:jobid.
2021-12-13 00:20:37  [ main:3564 ] - [ DEBUG ]  
Register handler org.apache.flink.runtime.rest.handler.job.JobCancellationHandler@46c00568 under PATCH@/v1/jobs/:jobid.
2021-12-13 00:20:37  [ main:3564 ] - [ DEBUG ]  
Register handler org.apache.flink.runtime.rest.handler.job.JobCancellationHandler@46c00568 under PATCH@/jobs/:jobid.
2021-12-13 00:20:37  [ main:3564 ] - [ DEBUG ]  
Register handler org.apache.flink.runtime.rest.handler.job.JobAccumulatorsHandler@56ccd751 under GET@/v1/jobs/:jobid/accumulators.
2021-12-13 00:20:37  [ main:3564 ] - [ DEBUG ]  
Register handler org.apache.flink.runtime.rest.handler.job.JobAccumulatorsHandler@56ccd751 under GET@/jobs/:jobid/accumulators.
2021-12-13 00:20:37  [ main:3564 ] - [ DEBUG ]  
Register handler org.apache.flink.runtime.rest.handler.job.checkpoints.CheckpointingStatisticsHandler@458544e0 under GET@/v1/jobs/:jobid/checkpoints.
2021-12-13 00:20:37  [ main:3564 ] - [ DEBUG ]  
Register handler org.apache.flink.runtime.rest.handler.job.checkpoints.CheckpointingStatisticsHandler@458544e0 under GET@/jobs/:jobid/checkpoints.
2021-12-13 00:20:37  [ main:3564 ] - [ DEBUG ]  
Register handler org.apache.flink.runtime.rest.handler.job.checkpoints.CheckpointConfigHandler@6bcbf05b under GET@/v1/jobs/:jobid/checkpoints/config.
2021-12-13 00:20:37  [ main:3566 ] - [ DEBUG ]  
Register handler org.apache.flink.runtime.rest.handler.job.checkpoints.CheckpointConfigHandler@6bcbf05b under GET@/jobs/:jobid/checkpoints/config.
2021-12-13 00:20:37  [ main:3566 ] - [ DEBUG ]  
Register handler org.apache.flink.runtime.rest.handler.job.checkpoints.CheckpointStatisticDetailsHandler@2d66530f under GET@/v1/jobs/:jobid/checkpoints/details/:checkpointid.
2021-12-13 00:20:37  [ main:3566 ] - [ DEBUG ]  
Register handler org.apache.flink.runtime.rest.handler.job.checkpoints.CheckpointStatisticDetailsHandler@2d66530f under GET@/jobs/:jobid/checkpoints/details/:checkpointid.
2021-12-13 00:20:37  [ main:3566 ] - [ DEBUG ]  
Register handler org.apache.flink.runtime.rest.handler.job.checkpoints.TaskCheckpointStatisticDetailsHandler@1d207fad under GET@/v1/jobs/:jobid/checkpoints/details/:checkpointid/subtasks/:vertexid.
2021-12-13 00:20:37  [ main:3566 ] - [ DEBUG ]  
Register handler org.apache.flink.runtime.rest.handler.job.checkpoints.TaskCheckpointStatisticDetailsHandler@1d207fad under GET@/jobs/:jobid/checkpoints/details/:checkpointid/subtasks/:vertexid.
2021-12-13 00:20:37  [ main:3566 ] - [ DEBUG ]  
Register handler org.apache.flink.runtime.rest.handler.job.JobConfigHandler@72ed9aad under GET@/v1/jobs/:jobid/config.
2021-12-13 00:20:37  [ main:3566 ] - [ DEBUG ]  
Register handler org.apache.flink.runtime.rest.handler.job.JobConfigHandler@72ed9aad under GET@/jobs/:jobid/config.
2021-12-13 00:20:37  [ main:3566 ] - [ DEBUG ]  
Register handler org.apache.flink.runtime.rest.handler.job.JobExceptionsHandler@4690f583 under GET@/v1/jobs/:jobid/exceptions.
2021-12-13 00:20:37  [ main:3566 ] - [ DEBUG ]  
Register handler org.apache.flink.runtime.rest.handler.job.JobExceptionsHandler@4690f583 under GET@/jobs/:jobid/exceptions.
2021-12-13 00:20:37  [ main:3566 ] - [ DEBUG ]  
Register handler org.apache.flink.runtime.rest.handler.job.JobExecutionResultHandler@59712875 under GET@/v1/jobs/:jobid/execution-result.
2021-12-13 00:20:37  [ main:3566 ] - [ DEBUG ]  
Register handler org.apache.flink.runtime.rest.handler.job.JobExecutionResultHandler@59712875 under GET@/jobs/:jobid/execution-result.
2021-12-13 00:20:37  [ main:3566 ] - [ DEBUG ]  
Register handler org.apache.flink.runtime.rest.handler.job.metrics.JobMetricsHandler@47b2e9e1 under GET@/v1/jobs/:jobid/metrics.
2021-12-13 00:20:37  [ main:3566 ] - [ DEBUG ]  
Register handler org.apache.flink.runtime.rest.handler.job.metrics.JobMetricsHandler@47b2e9e1 under GET@/jobs/:jobid/metrics.
2021-12-13 00:20:37  [ main:3566 ] - [ DEBUG ]  
Register handler org.apache.flink.runtime.rest.handler.job.JobPlanHandler@59942b48 under GET@/v1/jobs/:jobid/plan.
2021-12-13 00:20:37  [ main:3566 ] - [ DEBUG ]  
Register handler org.apache.flink.runtime.rest.handler.job.JobPlanHandler@59942b48 under GET@/jobs/:jobid/plan.
2021-12-13 00:20:37  [ main:3566 ] - [ DEBUG ]  
Register handler org.apache.flink.runtime.rest.handler.job.rescaling.RescalingHandlers$RescalingTriggerHandler@1869f114 under PATCH@/v1/jobs/:jobid/rescaling.
2021-12-13 00:20:37  [ main:3566 ] - [ DEBUG ]  
Register handler org.apache.flink.runtime.rest.handler.job.rescaling.RescalingHandlers$RescalingTriggerHandler@1869f114 under PATCH@/jobs/:jobid/rescaling.
2021-12-13 00:20:37  [ main:3566 ] - [ DEBUG ]  
Register handler org.apache.flink.runtime.rest.handler.job.rescaling.RescalingHandlers$RescalingStatusHandler@488b50ec under GET@/v1/jobs/:jobid/rescaling/:triggerid.
2021-12-13 00:20:37  [ main:3566 ] - [ DEBUG ]  
Register handler org.apache.flink.runtime.rest.handler.job.rescaling.RescalingHandlers$RescalingStatusHandler@488b50ec under GET@/jobs/:jobid/rescaling/:triggerid.
2021-12-13 00:20:37  [ main:3566 ] - [ DEBUG ]  
Register handler org.apache.flink.runtime.rest.handler.job.savepoints.SavepointHandlers$SavepointTriggerHandler@18a645fd under POST@/v1/jobs/:jobid/savepoints.
2021-12-13 00:20:37  [ main:3566 ] - [ DEBUG ]  
Register handler org.apache.flink.runtime.rest.handler.job.savepoints.SavepointHandlers$SavepointTriggerHandler@18a645fd under POST@/jobs/:jobid/savepoints.
2021-12-13 00:20:37  [ main:3566 ] - [ DEBUG ]  
Register handler org.apache.flink.runtime.rest.handler.job.savepoints.SavepointHandlers$SavepointStatusHandler@6090f3ca under GET@/v1/jobs/:jobid/savepoints/:triggerid.
2021-12-13 00:20:37  [ main:3566 ] - [ DEBUG ]  
Register handler org.apache.flink.runtime.rest.handler.job.savepoints.SavepointHandlers$SavepointStatusHandler@6090f3ca under GET@/jobs/:jobid/savepoints/:triggerid.
2021-12-13 00:20:37  [ main:3567 ] - [ DEBUG ]  
Register handler org.apache.flink.runtime.rest.handler.job.savepoints.SavepointHandlers$StopWithSavepointHandler@37a64f9d under POST@/v1/jobs/:jobid/stop.
2021-12-13 00:20:37  [ main:3567 ] - [ DEBUG ]  
Register handler org.apache.flink.runtime.rest.handler.job.savepoints.SavepointHandlers$StopWithSavepointHandler@37a64f9d under POST@/jobs/:jobid/stop.
2021-12-13 00:20:37  [ main:3567 ] - [ DEBUG ]  
Register handler org.apache.flink.runtime.rest.handler.job.JobVertexDetailsHandler@25b865b5 under GET@/v1/jobs/:jobid/vertices/:vertexid.
2021-12-13 00:20:37  [ main:3567 ] - [ DEBUG ]  
Register handler org.apache.flink.runtime.rest.handler.job.JobVertexDetailsHandler@25b865b5 under GET@/jobs/:jobid/vertices/:vertexid.
2021-12-13 00:20:37  [ main:3567 ] - [ DEBUG ]  
Register handler org.apache.flink.runtime.rest.handler.job.JobVertexAccumulatorsHandler@f9b5552 under GET@/v1/jobs/:jobid/vertices/:vertexid/accumulators.
2021-12-13 00:20:37  [ main:3567 ] - [ DEBUG ]  
Register handler org.apache.flink.runtime.rest.handler.job.JobVertexAccumulatorsHandler@f9b5552 under GET@/jobs/:jobid/vertices/:vertexid/accumulators.
2021-12-13 00:20:37  [ main:3567 ] - [ DEBUG ]  
Register handler org.apache.flink.runtime.rest.handler.job.JobVertexBackPressureHandler@6872f9c8 under GET@/v1/jobs/:jobid/vertices/:vertexid/backpressure.
2021-12-13 00:20:37  [ main:3567 ] - [ DEBUG ]  
Register handler org.apache.flink.runtime.rest.handler.job.JobVertexBackPressureHandler@6872f9c8 under GET@/jobs/:jobid/vertices/:vertexid/backpressure.
2021-12-13 00:20:37  [ main:3567 ] - [ DEBUG ]  
Register handler org.apache.flink.runtime.rest.handler.job.metrics.JobVertexMetricsHandler@6d2d99fc under GET@/v1/jobs/:jobid/vertices/:vertexid/metrics.
2021-12-13 00:20:37  [ main:3567 ] - [ DEBUG ]  
Register handler org.apache.flink.runtime.rest.handler.job.metrics.JobVertexMetricsHandler@6d2d99fc under GET@/jobs/:jobid/vertices/:vertexid/metrics.
2021-12-13 00:20:37  [ main:3567 ] - [ DEBUG ]  
Register handler org.apache.flink.runtime.rest.handler.job.SubtasksAllAccumulatorsHandler@bdecc21 under GET@/v1/jobs/:jobid/vertices/:vertexid/subtasks/accumulators.
2021-12-13 00:20:37  [ main:3567 ] - [ DEBUG ]  
Register handler org.apache.flink.runtime.rest.handler.job.SubtasksAllAccumulatorsHandler@bdecc21 under GET@/jobs/:jobid/vertices/:vertexid/subtasks/accumulators.
2021-12-13 00:20:37  [ main:3567 ] - [ DEBUG ]  
Register handler org.apache.flink.runtime.rest.handler.job.metrics.AggregatingSubtasksMetricsHandler@5e3a39cd under GET@/v1/jobs/:jobid/vertices/:vertexid/subtasks/metrics.
2021-12-13 00:20:37  [ main:3567 ] - [ DEBUG ]  
Register handler org.apache.flink.runtime.rest.handler.job.metrics.AggregatingSubtasksMetricsHandler@5e3a39cd under GET@/jobs/:jobid/vertices/:vertexid/subtasks/metrics.
2021-12-13 00:20:37  [ main:3567 ] - [ DEBUG ]  
Register handler org.apache.flink.runtime.rest.handler.job.SubtaskCurrentAttemptDetailsHandler@21f9277b under GET@/v1/jobs/:jobid/vertices/:vertexid/subtasks/:subtaskindex.
2021-12-13 00:20:37  [ main:3567 ] - [ DEBUG ]  
Register handler org.apache.flink.runtime.rest.handler.job.SubtaskCurrentAttemptDetailsHandler@21f9277b under GET@/jobs/:jobid/vertices/:vertexid/subtasks/:subtaskindex.
2021-12-13 00:20:37  [ main:3567 ] - [ DEBUG ]  
Register handler org.apache.flink.runtime.rest.handler.job.SubtaskExecutionAttemptDetailsHandler@201aa8c1 under GET@/v1/jobs/:jobid/vertices/:vertexid/subtasks/:subtaskindex/attempts/:attempt.
2021-12-13 00:20:37  [ main:3567 ] - [ DEBUG ]  
Register handler org.apache.flink.runtime.rest.handler.job.SubtaskExecutionAttemptDetailsHandler@201aa8c1 under GET@/jobs/:jobid/vertices/:vertexid/subtasks/:subtaskindex/attempts/:attempt.
2021-12-13 00:20:37  [ main:3567 ] - [ DEBUG ]  
Register handler org.apache.flink.runtime.rest.handler.job.SubtaskExecutionAttemptAccumulatorsHandler@5d58c727 under GET@/v1/jobs/:jobid/vertices/:vertexid/subtasks/:subtaskindex/attempts/:attempt/accumulators.
2021-12-13 00:20:37  [ main:3567 ] - [ DEBUG ]  
Register handler org.apache.flink.runtime.rest.handler.job.SubtaskExecutionAttemptAccumulatorsHandler@5d58c727 under GET@/jobs/:jobid/vertices/:vertexid/subtasks/:subtaskindex/attempts/:attempt/accumulators.
2021-12-13 00:20:37  [ main:3567 ] - [ DEBUG ]  
Register handler org.apache.flink.runtime.rest.handler.job.metrics.SubtaskMetricsHandler@52a36910 under GET@/v1/jobs/:jobid/vertices/:vertexid/subtasks/:subtaskindex/metrics.
2021-12-13 00:20:37  [ main:3567 ] - [ DEBUG ]  
Register handler org.apache.flink.runtime.rest.handler.job.metrics.SubtaskMetricsHandler@52a36910 under GET@/jobs/:jobid/vertices/:vertexid/subtasks/:subtaskindex/metrics.
2021-12-13 00:20:37  [ main:3567 ] - [ DEBUG ]  
Register handler org.apache.flink.runtime.rest.handler.job.SubtasksTimesHandler@3a095ec0 under GET@/v1/jobs/:jobid/vertices/:vertexid/subtasktimes.
2021-12-13 00:20:37  [ main:3567 ] - [ DEBUG ]  
Register handler org.apache.flink.runtime.rest.handler.job.SubtasksTimesHandler@3a095ec0 under GET@/jobs/:jobid/vertices/:vertexid/subtasktimes.
2021-12-13 00:20:37  [ main:3567 ] - [ DEBUG ]  
Register handler org.apache.flink.runtime.rest.handler.job.JobVertexTaskManagersHandler@4f20a5e0 under GET@/v1/jobs/:jobid/vertices/:vertexid/taskmanagers.
2021-12-13 00:20:37  [ main:3567 ] - [ DEBUG ]  
Register handler org.apache.flink.runtime.rest.handler.job.JobVertexTaskManagersHandler@4f20a5e0 under GET@/jobs/:jobid/vertices/:vertexid/taskmanagers.
2021-12-13 00:20:37  [ main:3567 ] - [ DEBUG ]  
Register handler org.apache.flink.runtime.rest.handler.job.metrics.JobVertexWatermarksHandler@54da32dc under GET@/v1/jobs/:jobid/vertices/:vertexid/watermarks.
2021-12-13 00:20:37  [ main:3567 ] - [ DEBUG ]  
Register handler org.apache.flink.runtime.rest.handler.job.metrics.JobVertexWatermarksHandler@54da32dc under GET@/jobs/:jobid/vertices/:vertexid/watermarks.
2021-12-13 00:20:37  [ main:3567 ] - [ DEBUG ]  
Register handler org.apache.flink.runtime.rest.handler.job.JobCancellationHandler@1d782abe under GET@/v1/jobs/:jobid/yarn-cancel.
2021-12-13 00:20:37  [ main:3567 ] - [ DEBUG ]  
Register handler org.apache.flink.runtime.rest.handler.job.JobCancellationHandler@1d782abe under GET@/jobs/:jobid/yarn-cancel.
2021-12-13 00:20:37  [ main:3567 ] - [ DEBUG ]  
Register handler org.apache.flink.runtime.rest.handler.job.JobCancellationHandler@6df7988f under GET@/v1/jobs/:jobid/yarn-stop.
2021-12-13 00:20:37  [ main:3567 ] - [ DEBUG ]  
Register handler org.apache.flink.runtime.rest.handler.job.JobCancellationHandler@6df7988f under GET@/jobs/:jobid/yarn-stop.
2021-12-13 00:20:37  [ main:3567 ] - [ DEBUG ]  
Register handler org.apache.flink.runtime.rest.handler.cluster.ClusterOverviewHandler@27b22f74 under GET@/v1/overview.
2021-12-13 00:20:37  [ main:3567 ] - [ DEBUG ]  
Register handler org.apache.flink.runtime.rest.handler.cluster.ClusterOverviewHandler@27b22f74 under GET@/overview.
2021-12-13 00:20:37  [ main:3569 ] - [ DEBUG ]  
Register handler org.apache.flink.runtime.rest.handler.job.savepoints.SavepointDisposalHandlers$SavepointDisposalTriggerHandler@22fba58c under POST@/v1/savepoint-disposal.
2021-12-13 00:20:37  [ main:3569 ] - [ DEBUG ]  
Register handler org.apache.flink.runtime.rest.handler.job.savepoints.SavepointDisposalHandlers$SavepointDisposalTriggerHandler@22fba58c under POST@/savepoint-disposal.
2021-12-13 00:20:37  [ main:3569 ] - [ DEBUG ]  
Register handler org.apache.flink.runtime.rest.handler.job.savepoints.SavepointDisposalHandlers$SavepointDisposalStatusHandler@7e8a46b7 under GET@/v1/savepoint-disposal/:triggerid.
2021-12-13 00:20:37  [ main:3569 ] - [ DEBUG ]  
Register handler org.apache.flink.runtime.rest.handler.job.savepoints.SavepointDisposalHandlers$SavepointDisposalStatusHandler@7e8a46b7 under GET@/savepoint-disposal/:triggerid.
2021-12-13 00:20:37  [ main:3569 ] - [ DEBUG ]  
Register handler org.apache.flink.runtime.rest.handler.taskmanager.TaskManagersHandler@2fe88a09 under GET@/v1/taskmanagers.
2021-12-13 00:20:37  [ main:3569 ] - [ DEBUG ]  
Register handler org.apache.flink.runtime.rest.handler.taskmanager.TaskManagersHandler@2fe88a09 under GET@/taskmanagers.
2021-12-13 00:20:37  [ main:3569 ] - [ DEBUG ]  
Register handler org.apache.flink.runtime.rest.handler.job.metrics.AggregatingTaskManagersMetricsHandler@1917d90f under GET@/v1/taskmanagers/metrics.
2021-12-13 00:20:37  [ main:3569 ] - [ DEBUG ]  
Register handler org.apache.flink.runtime.rest.handler.job.metrics.AggregatingTaskManagersMetricsHandler@1917d90f under GET@/taskmanagers/metrics.
2021-12-13 00:20:37  [ main:3569 ] - [ DEBUG ]  
Register handler org.apache.flink.runtime.rest.handler.taskmanager.TaskManagerDetailsHandler@66bfd864 under GET@/v1/taskmanagers/:taskmanagerid.
2021-12-13 00:20:37  [ main:3569 ] - [ DEBUG ]  
Register handler org.apache.flink.runtime.rest.handler.taskmanager.TaskManagerDetailsHandler@66bfd864 under GET@/taskmanagers/:taskmanagerid.
2021-12-13 00:20:37  [ main:3569 ] - [ DEBUG ]  
Register handler org.apache.flink.runtime.rest.handler.taskmanager.TaskManagerLogFileHandler@4aac85fa under GET@/v1/taskmanagers/:taskmanagerid/log.
2021-12-13 00:20:37  [ main:3569 ] - [ DEBUG ]  
Register handler org.apache.flink.runtime.rest.handler.taskmanager.TaskManagerLogFileHandler@4aac85fa under GET@/taskmanagers/:taskmanagerid/log.
2021-12-13 00:20:37  [ main:3570 ] - [ DEBUG ]  
Register handler org.apache.flink.runtime.rest.handler.job.metrics.TaskManagerMetricsHandler@21fff664 under GET@/v1/taskmanagers/:taskmanagerid/metrics.
2021-12-13 00:20:37  [ main:3570 ] - [ DEBUG ]  
Register handler org.apache.flink.runtime.rest.handler.job.metrics.TaskManagerMetricsHandler@21fff664 under GET@/taskmanagers/:taskmanagerid/metrics.
2021-12-13 00:20:37  [ main:3570 ] - [ DEBUG ]  
Register handler org.apache.flink.runtime.rest.handler.taskmanager.TaskManagerStdoutFileHandler@6079cf5 under GET@/v1/taskmanagers/:taskmanagerid/stdout.
2021-12-13 00:20:37  [ main:3570 ] - [ DEBUG ]  
Register handler org.apache.flink.runtime.rest.handler.taskmanager.TaskManagerStdoutFileHandler@6079cf5 under GET@/taskmanagers/:taskmanagerid/stdout.
2021-12-13 00:20:37  [ main:3580 ] - [ DEBUG ]  
-Dio.netty.eventLoopThreads: 8
2021-12-13 00:20:37  [ main:3605 ] - [ DEBUG ]  
-Dio.netty.noKeySetOptimization: false
2021-12-13 00:20:37  [ main:3605 ] - [ DEBUG ]  
-Dio.netty.selectorAutoRebuildThreshold: 512
2021-12-13 00:20:37  [ main:3617 ] - [ DEBUG ]  
org.jctools-core.MpscChunkedArrayQueue: available
2021-12-13 00:20:37  [ main:3652 ] - [ DEBUG ]  
-Dio.netty.processId: 2400 (auto-detected)
2021-12-13 00:20:37  [ main:3657 ] - [ DEBUG ]  
-Djava.net.preferIPv4Stack: false
2021-12-13 00:20:37  [ main:3660 ] - [ DEBUG ]  
-Djava.net.preferIPv6Addresses: false
2021-12-13 00:20:37  [ main:3729 ] - [ DEBUG ]  
Loopback interface: lo (Software Loopback Interface 1, 127.0.0.1)
2021-12-13 00:20:37  [ main:3730 ] - [ DEBUG ]  
Failed to get SOMAXCONN from sysctl and file \proc\sys\net\core\somaxconn. Default: 200
2021-12-13 00:20:37  [ main:3801 ] - [ DEBUG ]  
-Dio.netty.machineId: 00:0c:29:ff:fe:f0:d8:80 (auto-detected)
2021-12-13 00:20:37  [ main:3819 ] - [ DEBUG ]  
-Dorg.apache.flink.shaded.netty4.io.netty.leakDetection.level: simple
2021-12-13 00:20:37  [ main:3819 ] - [ DEBUG ]  
-Dorg.apache.flink.shaded.netty4.io.netty.leakDetection.targetRecords: 4
2021-12-13 00:20:37  [ main:3857 ] - [ DEBUG ]  
-Dio.netty.allocator.numHeapArenas: 8
2021-12-13 00:20:37  [ main:3857 ] - [ DEBUG ]  
-Dio.netty.allocator.numDirectArenas: 8
2021-12-13 00:20:37  [ main:3858 ] - [ DEBUG ]  
-Dio.netty.allocator.pageSize: 8192
2021-12-13 00:20:37  [ main:3858 ] - [ DEBUG ]  
-Dio.netty.allocator.maxOrder: 11
2021-12-13 00:20:37  [ main:3858 ] - [ DEBUG ]  
-Dio.netty.allocator.chunkSize: 16777216
2021-12-13 00:20:37  [ main:3858 ] - [ DEBUG ]  
-Dio.netty.allocator.tinyCacheSize: 512
2021-12-13 00:20:37  [ main:3858 ] - [ DEBUG ]  
-Dio.netty.allocator.smallCacheSize: 256
2021-12-13 00:20:37  [ main:3858 ] - [ DEBUG ]  
-Dio.netty.allocator.normalCacheSize: 64
2021-12-13 00:20:37  [ main:3858 ] - [ DEBUG ]  
-Dio.netty.allocator.maxCachedBufferCapacity: 32768
2021-12-13 00:20:37  [ main:3858 ] - [ DEBUG ]  
-Dio.netty.allocator.cacheTrimInterval: 8192
2021-12-13 00:20:37  [ main:3858 ] - [ DEBUG ]  
-Dio.netty.allocator.cacheTrimIntervalMillis: 0
2021-12-13 00:20:37  [ main:3858 ] - [ DEBUG ]  
-Dio.netty.allocator.useCacheForAllThreads: true
2021-12-13 00:20:37  [ main:3858 ] - [ DEBUG ]  
-Dio.netty.allocator.maxCachedByteBuffersPerChunk: 1023
2021-12-13 00:20:37  [ main:3868 ] - [ DEBUG ]  
-Dio.netty.allocator.type: pooled
2021-12-13 00:20:37  [ main:3868 ] - [ DEBUG ]  
-Dio.netty.threadLocalDirectBufferSize: 0
2021-12-13 00:20:37  [ main:3868 ] - [ DEBUG ]  
-Dio.netty.maxThreadLocalCharBufferSize: 16384
2021-12-13 00:20:37  [ main:3887 ] - [ DEBUG ]  
Binding rest endpoint to null:0.
2021-12-13 00:20:37  [ main:3887 ] - [ INFO ]  
Rest endpoint listening at localhost:54486
2021-12-13 00:20:37  [ main:3887 ] - [ INFO ]  
Proposing leadership to contender http://localhost:54486
2021-12-13 00:20:37  [ mini-cluster-io-thread-1:3891 ] - [ INFO ]  
http://localhost:54486 was granted leadership with leaderSessionID=bb6d07aa-cecc-44e3-b10e-01be99eec8cb
2021-12-13 00:20:37  [ mini-cluster-io-thread-1:3891 ] - [ INFO ]  
Received confirmation of leadership for leader http://localhost:54486 , session=bb6d07aa-cecc-44e3-b10e-01be99eec8cb
2021-12-13 00:20:37  [ main:3906 ] - [ INFO ]  
Starting RPC endpoint for org.apache.flink.runtime.resourcemanager.StandaloneResourceManager at akka://flink/user/resourcemanager .
2021-12-13 00:20:37  [ main:3920 ] - [ DEBUG ]  
Starting Dispatcher.
2021-12-13 00:20:37  [ main:3924 ] - [ INFO ]  
Proposing leadership to contender LeaderContender: DefaultDispatcherRunner
2021-12-13 00:20:37  [ main:3926 ] - [ DEBUG ]  
Starting ResourceManager.
2021-12-13 00:20:37  [ flink-akka.actor.default-dispatcher-2:3926 ] - [ INFO ]  
Proposing leadership to contender LeaderContender: StandaloneResourceManager
2021-12-13 00:20:37  [ mini-cluster-io-thread-2:3929 ] - [ DEBUG ]  
Create new DispatcherLeaderProcess with leader session id 4deebd57-b3e4-4055-9d70-66c28dea78e8.
2021-12-13 00:20:37  [ main:3932 ] - [ INFO ]  
Flink Mini Cluster started successfully
2021-12-13 00:20:37  [ flink-akka.actor.default-dispatcher-2:3944 ] - [ INFO ]  
ResourceManager akka://flink/user/resourcemanager was granted leadership with fencing token 88aaf759c0e270f4915ec04e1ab54065
2021-12-13 00:20:37  [ mini-cluster-io-thread-2:3951 ] - [ INFO ]  
Start SessionDispatcherLeaderProcess.
2021-12-13 00:20:37  [ flink-akka.actor.default-dispatcher-2:3953 ] - [ INFO ]  
Starting the SlotManager.
2021-12-13 00:20:37  [ mini-cluster-io-thread-2:3953 ] - [ INFO ]  
Recover all persisted job graphs.
2021-12-13 00:20:37  [ mini-cluster-io-thread-2:3953 ] - [ INFO ]  
Successfully recovered 0 persisted job graphs.
2021-12-13 00:20:37  [ flink-akka.actor.default-dispatcher-2:3955 ] - [ DEBUG ]  
Trigger heartbeat request.
2021-12-13 00:20:37  [ flink-akka.actor.default-dispatcher-2:3955 ] - [ DEBUG ]  
Trigger heartbeat request.
2021-12-13 00:20:37  [ flink-akka.actor.default-dispatcher-2:3956 ] - [ INFO ]  
Received confirmation of leadership for leader akka://flink/user/resourcemanager , session=915ec04e-1ab5-4065-88aa-f759c0e270f4
2021-12-13 00:20:37  [ mini-cluster-io-thread-3:3960 ] - [ DEBUG ]  
Try to connect to remote RPC endpoint with address akka://flink/user/resourcemanager. Returning a org.apache.flink.runtime.resourcemanager.ResourceManagerGateway gateway.
2021-12-13 00:20:37  [ mini-cluster-io-thread-4:3965 ] - [ DEBUG ]  
Try to connect to remote RPC endpoint with address akka://flink/user/resourcemanager. Returning a org.apache.flink.runtime.resourcemanager.ResourceManagerGateway gateway.
2021-12-13 00:20:37  [ flink-akka.actor.default-dispatcher-4:3971 ] - [ INFO ]  
Connecting to ResourceManager akka://flink/user/resourcemanager(88aaf759c0e270f4915ec04e1ab54065).
2021-12-13 00:20:37  [ flink-akka.actor.default-dispatcher-4:3976 ] - [ DEBUG ]  
Try to connect to remote RPC endpoint with address akka://flink/user/resourcemanager. Returning a org.apache.flink.runtime.resourcemanager.ResourceManagerGateway gateway.
2021-12-13 00:20:37  [ mini-cluster-io-thread-2:3976 ] - [ INFO ]  
Starting RPC endpoint for org.apache.flink.runtime.dispatcher.StandaloneDispatcher at akka://flink/user/dispatcher .
2021-12-13 00:20:37  [ flink-akka.actor.default-dispatcher-5:3988 ] - [ INFO ]  
Resolved ResourceManager address, beginning registration
2021-12-13 00:20:37  [ flink-akka.actor.default-dispatcher-5:3988 ] - [ INFO ]  
Registration at ResourceManager attempt 1 (timeout=100ms)
2021-12-13 00:20:37  [ flink-akka.actor.default-dispatcher-4:3992 ] - [ DEBUG ]  
Try to connect to remote RPC endpoint with address akka://flink/user/taskmanager_0. Returning a org.apache.flink.runtime.taskexecutor.TaskExecutorGateway gateway.
2021-12-13 00:20:37  [ flink-akka.actor.default-dispatcher-5:3998 ] - [ INFO ]  
Registering TaskManager with ResourceID 42c21fbe-fd0f-4acf-b1fe-b61547c3758a (akka://flink/user/taskmanager_0) at ResourceManager
2021-12-13 00:20:37  [ flink-akka.actor.default-dispatcher-5:4005 ] - [ INFO ]  
Successful registration at resource manager akka://flink/user/resourcemanager under registration id a39ca72c8cf0d3164398d124e1bd31fb.
2021-12-13 00:20:37  [ mini-cluster-io-thread-2:4009 ] - [ INFO ]  
Received confirmation of leadership for leader akka://flink/user/dispatcher , session=4deebd57-b3e4-4055-9d70-66c28dea78e8
2021-12-13 00:20:37  [ mini-cluster-io-thread-2:4009 ] - [ DEBUG ]  
Try to connect to remote RPC endpoint with address akka://flink/user/dispatcher. Returning a org.apache.flink.runtime.dispatcher.DispatcherGateway gateway.
2021-12-13 00:20:37  [ mini-cluster-io-thread-2:4010 ] - [ DEBUG ]  
Try to connect to remote RPC endpoint with address akka://flink/user/dispatcher. Returning a org.apache.flink.runtime.dispatcher.DispatcherGateway gateway.
2021-12-13 00:20:37  [ flink-akka.actor.default-dispatcher-5:4010 ] - [ DEBUG ]  
Registering TaskManager 42c21fbe-fd0f-4acf-b1fe-b61547c3758a under a39ca72c8cf0d3164398d124e1bd31fb at the SlotManager.
2021-12-13 00:20:37  [ flink-akka.actor.default-dispatcher-5:4019 ] - [ INFO ]  
Received JobGraph submission b1504330ebef8c4423ed2d9bf08ae49f (Flink Streaming Job).
2021-12-13 00:20:37  [ flink-akka.actor.default-dispatcher-5:4021 ] - [ INFO ]  
Submitting job b1504330ebef8c4423ed2d9bf08ae49f (Flink Streaming Job).
2021-12-13 00:20:37  [ flink-akka.actor.default-dispatcher-3:4046 ] - [ INFO ]  
Starting RPC endpoint for org.apache.flink.runtime.jobmaster.JobMaster at akka://flink/user/jobmanager_1 .
2021-12-13 00:20:37  [ flink-akka.actor.default-dispatcher-3:4058 ] - [ INFO ]  
Initializing job Flink Streaming Job (b1504330ebef8c4423ed2d9bf08ae49f).
2021-12-13 00:20:37  [ flink-akka.actor.default-dispatcher-3:4079 ] - [ INFO ]  
Using restart back off time strategy NoRestartBackoffTimeStrategy for Flink Streaming Job (b1504330ebef8c4423ed2d9bf08ae49f).
2021-12-13 00:20:37  [ flink-akka.actor.default-dispatcher-3:4127 ] - [ INFO ]  
Running initialization on master for job Flink Streaming Job (b1504330ebef8c4423ed2d9bf08ae49f).
2021-12-13 00:20:37  [ flink-akka.actor.default-dispatcher-3:4127 ] - [ INFO ]  
Successfully ran initialization on master in 0 ms.
2021-12-13 00:20:37  [ flink-akka.actor.default-dispatcher-3:4127 ] - [ DEBUG ]  
Adding 1 vertices from job graph Flink Streaming Job (b1504330ebef8c4423ed2d9bf08ae49f).
2021-12-13 00:20:37  [ flink-akka.actor.default-dispatcher-3:4127 ] - [ DEBUG ]  
Attaching 1 topologically sorted vertices to existing job graph with 0 vertices and 0 intermediate results.
2021-12-13 00:20:37  [ flink-akka.actor.default-dispatcher-3:4141 ] - [ DEBUG ]  
Connecting ExecutionJobVertex e3dfc0d7e9ecd8a43f85f0b68ebf3b80 (Source: Collection Source -> (Sink: Print to Std. Out, Sink: Unnamed)) to 0 predecessors.
2021-12-13 00:20:37  [ flink-akka.actor.default-dispatcher-3:4154 ] - [ DEBUG ]  
Successfully created execution graph from job graph Flink Streaming Job (b1504330ebef8c4423ed2d9bf08ae49f).
2021-12-13 00:20:37  [ flink-akka.actor.default-dispatcher-3:4164 ] - [ INFO ]  
No state backend has been configured, using default (Memory / JobManager) MemoryStateBackend (data in heap memory / checkpoints to JobManager) (checkpoints: 'null', savepoints: 'null', asynchronous: TRUE, maxStateSize: 5242880)
2021-12-13 00:20:37  [ flink-akka.actor.default-dispatcher-3:4180 ] - [ DEBUG ]  
Status of the shared state registry of job b1504330ebef8c4423ed2d9bf08ae49f after restore: SharedStateRegistry{registeredStates={}}.
2021-12-13 00:20:37  [ flink-akka.actor.default-dispatcher-3:4180 ] - [ DEBUG ]  
Resetting the master hooks.
2021-12-13 00:20:37  [ flink-akka.actor.default-dispatcher-3:4185 ] - [ INFO ]  
Start building failover regions.
2021-12-13 00:20:37  [ flink-akka.actor.default-dispatcher-3:4185 ] - [ DEBUG ]  
Creating a failover region with 1 vertices.
2021-12-13 00:20:37  [ flink-akka.actor.default-dispatcher-3:4187 ] - [ INFO ]  
Created 1 failover regions.
2021-12-13 00:20:37  [ flink-akka.actor.default-dispatcher-3:4187 ] - [ INFO ]  
Using failover strategy org.apache.flink.runtime.executiongraph.failover.flip1.RestartPipelinedRegionStrategy@6de4f409 for Flink Streaming Job (b1504330ebef8c4423ed2d9bf08ae49f).
2021-12-13 00:20:37  [ flink-akka.actor.default-dispatcher-3:4191 ] - [ INFO ]  
Proposing leadership to contender akka://flink/user/jobmanager_1
2021-12-13 00:20:37  [ mini-cluster-io-thread-3:4193 ] - [ INFO ]  
JobManager runner for job Flink Streaming Job (b1504330ebef8c4423ed2d9bf08ae49f) was granted leadership with session id daa82c2f-91a2-4097-8697-c9490eecdb2a at akka://flink/user/jobmanager_1.
2021-12-13 00:20:37  [ flink-akka.actor.default-dispatcher-4:4202 ] - [ INFO ]  
Starting execution of job Flink Streaming Job (b1504330ebef8c4423ed2d9bf08ae49f) under job master id 8697c9490eecdb2adaa82c2f91a24097.
2021-12-13 00:20:37  [ flink-akka.actor.default-dispatcher-4:4204 ] - [ INFO ]  
Starting scheduling with scheduling strategy [org.apache.flink.runtime.scheduler.strategy.EagerSchedulingStrategy]
2021-12-13 00:20:37  [ flink-akka.actor.default-dispatcher-4:4204 ] - [ INFO ]  
Job Flink Streaming Job (b1504330ebef8c4423ed2d9bf08ae49f) switched from state CREATED to RUNNING.
2021-12-13 00:20:37  [ flink-akka.actor.default-dispatcher-4:4213 ] - [ INFO ]  
Source: Collection Source -> (Sink: Print to Std. Out, Sink: Unnamed) (1/1) (238c0a65fab84f3def2d6a43b98771f7) switched from CREATED to SCHEDULED.
2021-12-13 00:20:37  [ flink-akka.actor.default-dispatcher-4:4219 ] - [ DEBUG ]  
Allocate slot with id SlotRequestId{a4f70896b5415bfa52d60f481191c954} for execution e3dfc0d7e9ecd8a43f85f0b68ebf3b80_0
2021-12-13 00:20:37  [ flink-akka.actor.default-dispatcher-4:4221 ] - [ DEBUG ]  
Received slot request [SlotRequestId{a4f70896b5415bfa52d60f481191c954}] for task: null
2021-12-13 00:20:37  [ flink-akka.actor.default-dispatcher-4:4230 ] - [ INFO ]  
Cannot serve slot request, no ResourceManager connected. Adding as pending request [SlotRequestId{991dbd3e6dfcba9adf3b477d8452d2c9}]
2021-12-13 00:20:37  [ flink-akka.actor.default-dispatcher-4:4230 ] - [ DEBUG ]  
Create multi task slot [SlotRequestId{7224950a3cc30bfce655ea9e32b8b4e7}] in slot [SlotRequestId{991dbd3e6dfcba9adf3b477d8452d2c9}].
2021-12-13 00:20:37  [ flink-akka.actor.default-dispatcher-4:4233 ] - [ DEBUG ]  
Create single task slot [SlotRequestId{a4f70896b5415bfa52d60f481191c954}] in multi task slot [SlotRequestId{7224950a3cc30bfce655ea9e32b8b4e7}] for group e3dfc0d7e9ecd8a43f85f0b68ebf3b80.
2021-12-13 00:20:37  [ flink-akka.actor.default-dispatcher-4:4238 ] - [ DEBUG ]  
Trigger heartbeat request.
2021-12-13 00:20:37  [ jobmanager-future-thread-1:4238 ] - [ INFO ]  
Received confirmation of leadership for leader akka://flink/user/jobmanager_1 , session=daa82c2f-91a2-4097-8697-c9490eecdb2a
2021-12-13 00:20:37  [ flink-akka.actor.default-dispatcher-4:4240 ] - [ INFO ]  
Connecting to ResourceManager akka://flink/user/resourcemanager(88aaf759c0e270f4915ec04e1ab54065)
2021-12-13 00:20:37  [ flink-akka.actor.default-dispatcher-4:4240 ] - [ DEBUG ]  
Try to connect to remote RPC endpoint with address akka://flink/user/resourcemanager. Returning a org.apache.flink.runtime.resourcemanager.ResourceManagerGateway gateway.
2021-12-13 00:20:37  [ flink-akka.actor.default-dispatcher-4:4241 ] - [ INFO ]  
Resolved ResourceManager address, beginning registration
2021-12-13 00:20:37  [ flink-akka.actor.default-dispatcher-4:4241 ] - [ INFO ]  
Registration at ResourceManager attempt 1 (timeout=100ms)
2021-12-13 00:20:37  [ flink-akka.actor.default-dispatcher-3:4241 ] - [ DEBUG ]  
Add job b1504330ebef8c4423ed2d9bf08ae49f to job leader id monitoring.
2021-12-13 00:20:37  [ flink-akka.actor.default-dispatcher-3:4244 ] - [ INFO ]  
Registering job manager 8697c9490eecdb2adaa82c2f91a24097@akka://flink/user/jobmanager_1 for job b1504330ebef8c4423ed2d9bf08ae49f.
2021-12-13 00:20:37  [ flink-akka.actor.default-dispatcher-3:4245 ] - [ DEBUG ]  
Try to connect to remote RPC endpoint with address akka://flink/user/jobmanager_1. Returning a org.apache.flink.runtime.jobmaster.JobMasterGateway gateway.
2021-12-13 00:20:37  [ mini-cluster-io-thread-1:4244 ] - [ DEBUG ]  
Found a new job leader daa82c2f-91a2-4097-8697-c9490eecdb2a@akka://flink/user/jobmanager_1.
2021-12-13 00:20:37  [ flink-akka.actor.default-dispatcher-4:4252 ] - [ INFO ]  
Registered job manager 8697c9490eecdb2adaa82c2f91a24097@akka://flink/user/jobmanager_1 for job b1504330ebef8c4423ed2d9bf08ae49f.
2021-12-13 00:20:37  [ flink-akka.actor.default-dispatcher-3:4253 ] - [ INFO ]  
JobManager successfully registered at ResourceManager, leader id: 88aaf759c0e270f4915ec04e1ab54065.
2021-12-13 00:20:37  [ flink-akka.actor.default-dispatcher-3:4253 ] - [ INFO ]  
Requesting new slot [SlotRequestId{991dbd3e6dfcba9adf3b477d8452d2c9}] and profile ResourceProfile{UNKNOWN} from resource manager.
2021-12-13 00:20:37  [ flink-akka.actor.default-dispatcher-4:4256 ] - [ INFO ]  
Request slot with profile ResourceProfile{UNKNOWN} for job b1504330ebef8c4423ed2d9bf08ae49f with allocation id ed2ec3b7e93b4c69837d188c1a1f45bc.
2021-12-13 00:20:37  [ flink-akka.actor.default-dispatcher-3:4260 ] - [ INFO ]  
Receive slot request ed2ec3b7e93b4c69837d188c1a1f45bc for job b1504330ebef8c4423ed2d9bf08ae49f from resource manager with leader id 88aaf759c0e270f4915ec04e1ab54065.
2021-12-13 00:20:37  [ flink-akka.actor.default-dispatcher-3:4266 ] - [ DEBUG ]  
Initialized MemoryManager with total memory size 134217728 ({OFF_HEAP=134217728}), page size 32768.
2021-12-13 00:20:37  [ flink-akka.actor.default-dispatcher-3:4267 ] - [ INFO ]  
Allocated slot for ed2ec3b7e93b4c69837d188c1a1f45bc.
2021-12-13 00:20:37  [ flink-akka.actor.default-dispatcher-3:4267 ] - [ INFO ]  
Add job b1504330ebef8c4423ed2d9bf08ae49f for job leader monitoring.
2021-12-13 00:20:37  [ mini-cluster-io-thread-4:4267 ] - [ DEBUG ]  
New leader information for job b1504330ebef8c4423ed2d9bf08ae49f. Address: akka://flink/user/jobmanager_1, leader id: 8697c9490eecdb2adaa82c2f91a24097.
2021-12-13 00:20:37  [ mini-cluster-io-thread-4:4268 ] - [ INFO ]  
Try to register at job manager akka://flink/user/jobmanager_1 with leader id daa82c2f-91a2-4097-8697-c9490eecdb2a.
2021-12-13 00:20:37  [ mini-cluster-io-thread-4:4268 ] - [ DEBUG ]  
Try to connect to remote RPC endpoint with address akka://flink/user/jobmanager_1. Returning a org.apache.flink.runtime.jobmaster.JobMasterGateway gateway.
2021-12-13 00:20:37  [ flink-akka.actor.default-dispatcher-5:4269 ] - [ INFO ]  
Resolved JobManager address, beginning registration
2021-12-13 00:20:37  [ flink-akka.actor.default-dispatcher-5:4269 ] - [ INFO ]  
Registration at JobManager attempt 1 (timeout=100ms)
2021-12-13 00:20:37  [ flink-akka.actor.default-dispatcher-3:4271 ] - [ DEBUG ]  
Try to connect to remote RPC endpoint with address akka://flink/user/taskmanager_0. Returning a org.apache.flink.runtime.taskexecutor.TaskExecutorGateway gateway.
2021-12-13 00:20:37  [ flink-akka.actor.default-dispatcher-3:4271 ] - [ DEBUG ]  
Register new TaskExecutor 42c21fbe-fd0f-4acf-b1fe-b61547c3758a.
2021-12-13 00:20:37  [ flink-akka.actor.default-dispatcher-2:4272 ] - [ INFO ]  
Successful registration at job manager akka://flink/user/jobmanager_1 for job b1504330ebef8c4423ed2d9bf08ae49f.
2021-12-13 00:20:37  [ flink-akka.actor.default-dispatcher-2:4272 ] - [ INFO ]  
Establish JobManager connection for job b1504330ebef8c4423ed2d9bf08ae49f.
2021-12-13 00:20:37  [ flink-akka.actor.default-dispatcher-2:4277 ] - [ INFO ]  
Offer reserved slots to the leader of job b1504330ebef8c4423ed2d9bf08ae49f.
2021-12-13 00:20:37  [ flink-akka.actor.default-dispatcher-4:4283 ] - [ INFO ]  
Source: Collection Source -> (Sink: Print to Std. Out, Sink: Unnamed) (1/1) (238c0a65fab84f3def2d6a43b98771f7) switched from SCHEDULED to DEPLOYING.
2021-12-13 00:20:37  [ flink-akka.actor.default-dispatcher-4:4285 ] - [ INFO ]  
Deploying Source: Collection Source -> (Sink: Print to Std. Out, Sink: Unnamed) (1/1) (attempt #0) to 42c21fbe-fd0f-4acf-b1fe-b61547c3758a @ 127.0.0.1 (dataPort=-1)
2021-12-13 00:20:37  [ flink-akka.actor.default-dispatcher-4:4289 ] - [ DEBUG ]  
Fulfilled slot request [SlotRequestId{991dbd3e6dfcba9adf3b477d8452d2c9}] with allocated slot [ed2ec3b7e93b4c69837d188c1a1f45bc].
2021-12-13 00:20:37  [ flink-akka.actor.default-dispatcher-2:4299 ] - [ DEBUG ]  
Registered new allocation id ed2ec3b7e93b4c69837d188c1a1f45bc for local state stores for job b1504330ebef8c4423ed2d9bf08ae49f.
2021-12-13 00:20:37  [ flink-akka.actor.default-dispatcher-2:4301 ] - [ DEBUG ]  
Registered new local state store with configuration LocalRecoveryConfig{localRecoveryMode=false, localStateDirectories=LocalRecoveryDirectoryProvider{rootDirectories=[C:\Users\zzj\AppData\Local\Temp\localState\aid_ed2ec3b7e93b4c69837d188c1a1f45bc], jobID=b1504330ebef8c4423ed2d9bf08ae49f, jobVertexID=e3dfc0d7e9ecd8a43f85f0b68ebf3b80, subtaskIndex=0}} for b1504330ebef8c4423ed2d9bf08ae49f - e3dfc0d7e9ecd8a43f85f0b68ebf3b80 - 0 under allocation id ed2ec3b7e93b4c69837d188c1a1f45bc.
2021-12-13 00:20:37  [ flink-akka.actor.default-dispatcher-2:4312 ] - [ INFO ]  
Received task Source: Collection Source -> (Sink: Print to Std. Out, Sink: Unnamed) (1/1).
2021-12-13 00:20:37  [ Source: Collection Source -> (Sink: Print to Std. Out, Sink: Unnamed) (1/1):4314 ] - [ INFO ]  
Source: Collection Source -> (Sink: Print to Std. Out, Sink: Unnamed) (1/1) (238c0a65fab84f3def2d6a43b98771f7) switched from CREATED to DEPLOYING.
2021-12-13 00:20:37  [ Source: Collection Source -> (Sink: Print to Std. Out, Sink: Unnamed) (1/1):4314 ] - [ INFO ]  
Creating FileSystem stream leak safety net for task Source: Collection Source -> (Sink: Print to Std. Out, Sink: Unnamed) (1/1) (238c0a65fab84f3def2d6a43b98771f7) [DEPLOYING]
2021-12-13 00:20:37  [ flink-akka.actor.default-dispatcher-2:4316 ] - [ INFO ]  
Activate slot ed2ec3b7e93b4c69837d188c1a1f45bc.
2021-12-13 00:20:37  [ Source: Collection Source -> (Sink: Print to Std. Out, Sink: Unnamed) (1/1):4318 ] - [ INFO ]  
Loading JAR files for task Source: Collection Source -> (Sink: Print to Std. Out, Sink: Unnamed) (1/1) (238c0a65fab84f3def2d6a43b98771f7) [DEPLOYING].
2021-12-13 00:20:37  [ Source: Collection Source -> (Sink: Print to Std. Out, Sink: Unnamed) (1/1):4320 ] - [ DEBUG ]  
Getting user code class loader for task 238c0a65fab84f3def2d6a43b98771f7 at library cache manager took 0 milliseconds
2021-12-13 00:20:37  [ Source: Collection Source -> (Sink: Print to Std. Out, Sink: Unnamed) (1/1):4320 ] - [ INFO ]  
Registering task at network: Source: Collection Source -> (Sink: Print to Std. Out, Sink: Unnamed) (1/1) (238c0a65fab84f3def2d6a43b98771f7) [DEPLOYING].
2021-12-13 00:20:37  [ Source: Collection Source -> (Sink: Print to Std. Out, Sink: Unnamed) (1/1):4342 ] - [ INFO ]  
Source: Collection Source -> (Sink: Print to Std. Out, Sink: Unnamed) (1/1) (238c0a65fab84f3def2d6a43b98771f7) switched from DEPLOYING to RUNNING.
2021-12-13 00:20:37  [ Source: Collection Source -> (Sink: Print to Std. Out, Sink: Unnamed) (1/1):4342 ] - [ DEBUG ]  
Initializing Source: Collection Source -> (Sink: Print to Std. Out, Sink: Unnamed) (1/1).
2021-12-13 00:20:37  [ Source: Collection Source -> (Sink: Print to Std. Out, Sink: Unnamed) (1/1):4342 ] - [ INFO ]  
No state backend has been configured, using default (Memory / JobManager) MemoryStateBackend (data in heap memory / checkpoints to JobManager) (checkpoints: 'null', savepoints: 'null', asynchronous: TRUE, maxStateSize: 5242880)
2021-12-13 00:20:37  [ flink-akka.actor.default-dispatcher-4:4346 ] - [ INFO ]  
Source: Collection Source -> (Sink: Print to Std. Out, Sink: Unnamed) (1/1) (238c0a65fab84f3def2d6a43b98771f7) switched from DEPLOYING to RUNNING.
2021-12-13 00:20:37  [ Source: Collection Source -> (Sink: Print to Std. Out, Sink: Unnamed) (1/1):4377 ] - [ DEBUG ]  
Invoking Source: Collection Source -> (Sink: Print to Std. Out, Sink: Unnamed) (1/1)
2021-12-13 00:20:37  [ Source: Collection Source -> (Sink: Print to Std. Out, Sink: Unnamed) (1/1):4387 ] - [ DEBUG ]  
Creating operator state backend for StreamSink_55ed089c8063510c7ff35d8fe8aecfff_(1/1) with empty state.
2021-12-13 00:20:37  [ Source: Collection Source -> (Sink: Print to Std. Out, Sink: Unnamed) (1/1):4406 ] - [ DEBUG ]  
Creating operator state backend for StreamSink_03f86923ea4164263684d81917202071_(1/1) with empty state.
2021-12-13 00:20:37  [ Source: Collection Source -> (Sink: Print to Std. Out, Sink: Unnamed) (1/1):4406 ] - [ WARN ]  
Using AT_LEAST_ONCE semantic, but checkpointing is not enabled. Switching to NONE semantic.
2021-12-13 00:20:37  [ Source: Collection Source -> (Sink: Print to Std. Out, Sink: Unnamed) (1/1):4413 ] - [ INFO ]  
FlinkKafkaProducer011 0/1 - no state to restore
2021-12-13 00:20:37  [ Source: Collection Source -> (Sink: Print to Std. Out, Sink: Unnamed) (1/1):4433 ] - [ INFO ]  
ProducerConfig values: 
	acks = 1
	batch.size = 16384
	bootstrap.servers = [192.168.10.22:9092]
	buffer.memory = 33554432
	client.id = 
	compression.type = none
	connections.max.idle.ms = 540000
	enable.idempotence = false
	interceptor.classes = null
	key.serializer = class org.apache.kafka.common.serialization.ByteArraySerializer
	linger.ms = 0
	max.block.ms = 60000
	max.in.flight.requests.per.connection = 5
	max.request.size = 1048576
	metadata.max.age.ms = 300000
	metric.reporters = []
	metrics.num.samples = 2
	metrics.recording.level = INFO
	metrics.sample.window.ms = 30000
	partitioner.class = class org.apache.kafka.clients.producer.internals.DefaultPartitioner
	receive.buffer.bytes = 32768
	reconnect.backoff.max.ms = 1000
	reconnect.backoff.ms = 50
	request.timeout.ms = 30000
	retries = 0
	retry.backoff.ms = 100
	sasl.jaas.config = null
	sasl.kerberos.kinit.cmd = /usr/bin/kinit
	sasl.kerberos.min.time.before.relogin = 60000
	sasl.kerberos.service.name = null
	sasl.kerberos.ticket.renew.jitter = 0.05
	sasl.kerberos.ticket.renew.window.factor = 0.8
	sasl.mechanism = GSSAPI
	security.protocol = PLAINTEXT
	send.buffer.bytes = 131072
	ssl.cipher.suites = null
	ssl.enabled.protocols = [TLSv1.2, TLSv1.1, TLSv1]
	ssl.endpoint.identification.algorithm = null
	ssl.key.password = null
	ssl.keymanager.algorithm = SunX509
	ssl.keystore.location = null
	ssl.keystore.password = null
	ssl.keystore.type = JKS
	ssl.protocol = TLS
	ssl.provider = null
	ssl.secure.random.implementation = null
	ssl.trustmanager.algorithm = PKIX
	ssl.truststore.location = null
	ssl.truststore.password = null
	ssl.truststore.type = JKS
	transaction.timeout.ms = 3600000
	transactional.id = null
	value.serializer = class org.apache.kafka.common.serialization.ByteArraySerializer

2021-12-13 00:20:37  [ Source: Collection Source -> (Sink: Print to Std. Out, Sink: Unnamed) (1/1):4448 ] - [ DEBUG ]  
Added sensor with name bufferpool-wait-time
2021-12-13 00:20:37  [ Source: Collection Source -> (Sink: Print to Std. Out, Sink: Unnamed) (1/1):4451 ] - [ DEBUG ]  
Added sensor with name buffer-exhausted-records
2021-12-13 00:20:37  [ Source: Collection Source -> (Sink: Print to Std. Out, Sink: Unnamed) (1/1):4453 ] - [ DEBUG ]  
Updated cluster metadata version 1 to Cluster(id = null, nodes = [192.168.10.22:9092 (id: -1 rack: null)], partitions = [])
2021-12-13 00:20:37  [ Source: Collection Source -> (Sink: Print to Std. Out, Sink: Unnamed) (1/1):4459 ] - [ DEBUG ]  
Added sensor with name produce-throttle-time
2021-12-13 00:20:37  [ Source: Collection Source -> (Sink: Print to Std. Out, Sink: Unnamed) (1/1):4467 ] - [ DEBUG ]  
Added sensor with name connections-closed:
2021-12-13 00:20:37  [ Source: Collection Source -> (Sink: Print to Std. Out, Sink: Unnamed) (1/1):4467 ] - [ DEBUG ]  
Added sensor with name connections-created:
2021-12-13 00:20:37  [ Source: Collection Source -> (Sink: Print to Std. Out, Sink: Unnamed) (1/1):4467 ] - [ DEBUG ]  
Added sensor with name bytes-sent-received:
2021-12-13 00:20:37  [ Source: Collection Source -> (Sink: Print to Std. Out, Sink: Unnamed) (1/1):4467 ] - [ DEBUG ]  
Added sensor with name bytes-sent:
2021-12-13 00:20:37  [ Source: Collection Source -> (Sink: Print to Std. Out, Sink: Unnamed) (1/1):4468 ] - [ DEBUG ]  
Added sensor with name bytes-received:
2021-12-13 00:20:37  [ Source: Collection Source -> (Sink: Print to Std. Out, Sink: Unnamed) (1/1):4469 ] - [ DEBUG ]  
Added sensor with name select-time:
2021-12-13 00:20:37  [ Source: Collection Source -> (Sink: Print to Std. Out, Sink: Unnamed) (1/1):4469 ] - [ DEBUG ]  
Added sensor with name io-time:
2021-12-13 00:20:37  [ Source: Collection Source -> (Sink: Print to Std. Out, Sink: Unnamed) (1/1):4474 ] - [ DEBUG ]  
Added sensor with name batch-size
2021-12-13 00:20:37  [ Source: Collection Source -> (Sink: Print to Std. Out, Sink: Unnamed) (1/1):4476 ] - [ DEBUG ]  
Added sensor with name compression-rate
2021-12-13 00:20:37  [ Source: Collection Source -> (Sink: Print to Std. Out, Sink: Unnamed) (1/1):4476 ] - [ DEBUG ]  
Added sensor with name queue-time
2021-12-13 00:20:37  [ Source: Collection Source -> (Sink: Print to Std. Out, Sink: Unnamed) (1/1):4476 ] - [ DEBUG ]  
Added sensor with name request-time
2021-12-13 00:20:37  [ Source: Collection Source -> (Sink: Print to Std. Out, Sink: Unnamed) (1/1):4476 ] - [ DEBUG ]  
Added sensor with name records-per-request
2021-12-13 00:20:37  [ Source: Collection Source -> (Sink: Print to Std. Out, Sink: Unnamed) (1/1):4476 ] - [ DEBUG ]  
Added sensor with name record-retries
2021-12-13 00:20:37  [ Source: Collection Source -> (Sink: Print to Std. Out, Sink: Unnamed) (1/1):4476 ] - [ DEBUG ]  
Added sensor with name errors
2021-12-13 00:20:37  [ Source: Collection Source -> (Sink: Print to Std. Out, Sink: Unnamed) (1/1):4476 ] - [ DEBUG ]  
Added sensor with name record-size-max
2021-12-13 00:20:37  [ Source: Collection Source -> (Sink: Print to Std. Out, Sink: Unnamed) (1/1):4476 ] - [ DEBUG ]  
Added sensor with name batch-split-rate
2021-12-13 00:20:37  [ kafka-producer-network-thread | producer-1:4478 ] - [ DEBUG ]  
Starting Kafka producer I/O thread.
2021-12-13 00:20:37  [ Source: Collection Source -> (Sink: Print to Std. Out, Sink: Unnamed) (1/1):4482 ] - [ INFO ]  
Kafka version : 0.11.0.2
2021-12-13 00:20:37  [ Source: Collection Source -> (Sink: Print to Std. Out, Sink: Unnamed) (1/1):4482 ] - [ INFO ]  
Kafka commitId : 73be1e1168f91ee2
2021-12-13 00:20:37  [ Source: Collection Source -> (Sink: Print to Std. Out, Sink: Unnamed) (1/1):4484 ] - [ DEBUG ]  
Kafka producer with client id producer-1 created
2021-12-13 00:20:37  [ Source: Collection Source -> (Sink: Print to Std. Out, Sink: Unnamed) (1/1):4484 ] - [ INFO ]  
Starting FlinkKafkaProducer (1/1) to produce into default topic test1
2021-12-13 00:20:37  [ Source: Collection Source -> (Sink: Print to Std. Out, Sink: Unnamed) (1/1):4486 ] - [ DEBUG ]  
FlinkKafkaProducer011 0/1 - started new transaction 'TransactionHolder{handle=KafkaTransactionState [transactionalId=null, producerId=-1, epoch=-1], transactionStartTime=1639326037947}'
2021-12-13 00:20:37  [ Source: Collection Source -> (Sink: Print to Std. Out, Sink: Unnamed) (1/1):4488 ] - [ DEBUG ]  
Creating operator state backend for StreamSource_e3dfc0d7e9ecd8a43f85f0b68ebf3b80_(1/1) with empty state.
2021-12-13 00:20:37  [ kafka-producer-network-thread | producer-1:4494 ] - [ DEBUG ]  
Initialize connection to node 192.168.10.22:9092 (id: -1 rack: null) for sending metadata request
2021-12-13 00:20:37  [ kafka-producer-network-thread | producer-1:4494 ] - [ DEBUG ]  
Initiating connection to node 192.168.10.22:9092 (id: -1 rack: null)
2021-12-13 00:20:37  [ kafka-producer-network-thread | producer-1:4500 ] - [ DEBUG ]  
Added sensor with name node--1.bytes-sent
2021-12-13 00:20:37  [ kafka-producer-network-thread | producer-1:4500 ] - [ DEBUG ]  
Added sensor with name node--1.bytes-received
2021-12-13 00:20:37  [ kafka-producer-network-thread | producer-1:4500 ] - [ DEBUG ]  
Added sensor with name node--1.latency
2021-12-13 00:20:37  [ kafka-producer-network-thread | producer-1:4500 ] - [ DEBUG ]  
Created socket with SO_RCVBUF = 32768, SO_SNDBUF = 131072, SO_TIMEOUT = 0 to node -1
2021-12-13 00:20:37  [ kafka-producer-network-thread | producer-1:4504 ] - [ DEBUG ]  
Completed connection to node -1. Fetching API versions.
2021-12-13 00:20:37  [ kafka-producer-network-thread | producer-1:4504 ] - [ DEBUG ]  
Initiating API versions fetch from node -1.
2021-12-13 00:20:38  [ kafka-producer-network-thread | producer-1:4595 ] - [ DEBUG ]  
Recorded API versions for node -1: (Produce(0): 0 to 6 [usable: 3], Fetch(1): 0 to 8 [usable: 5], Offsets(2): 0 to 3 [usable: 2], Metadata(3): 0 to 6 [usable: 4], LeaderAndIsr(4): 0 to 1 [usable: 0], StopReplica(5): 0 [usable: 0], UpdateMetadata(6): 0 to 4 [usable: 3], ControlledShutdown(7): 0 to 1 [usable: 1], OffsetCommit(8): 0 to 4 [usable: 3], OffsetFetch(9): 0 to 4 [usable: 3], FindCoordinator(10): 0 to 2 [usable: 1], JoinGroup(11): 0 to 3 [usable: 2], Heartbeat(12): 0 to 2 [usable: 1], LeaveGroup(13): 0 to 2 [usable: 1], SyncGroup(14): 0 to 2 [usable: 1], DescribeGroups(15): 0 to 2 [usable: 1], ListGroups(16): 0 to 2 [usable: 1], SaslHandshake(17): 0 to 1 [usable: 0], ApiVersions(18): 0 to 2 [usable: 1], CreateTopics(19): 0 to 3 [usable: 2], DeleteTopics(20): 0 to 2 [usable: 1], DeleteRecords(21): 0 to 1 [usable: 0], InitProducerId(22): 0 to 1 [usable: 0], OffsetForLeaderEpoch(23): 0 to 1 [usable: 0], AddPartitionsToTxn(24): 0 to 1 [usable: 0], AddOffsetsToTxn(25): 0 to 1 [usable: 0], EndTxn(26): 0 to 1 [usable: 0], WriteTxnMarkers(27): 0 [usable: 0], TxnOffsetCommit(28): 0 to 1 [usable: 0], DescribeAcls(29): 0 to 1 [usable: 0], CreateAcls(30): 0 to 1 [usable: 0], DeleteAcls(31): 0 to 1 [usable: 0], DescribeConfigs(32): 0 to 2 [usable: 0], AlterConfigs(33): 0 to 1 [usable: 0], UNKNOWN(34): 0 to 1, UNKNOWN(35): 0 to 1, UNKNOWN(36): 0, UNKNOWN(37): 0 to 1, UNKNOWN(38): 0 to 1, UNKNOWN(39): 0 to 1, UNKNOWN(40): 0 to 1, UNKNOWN(41): 0 to 1, UNKNOWN(42): 0 to 1)
2021-12-13 00:20:38  [ kafka-producer-network-thread | producer-1:4595 ] - [ DEBUG ]  
Sending metadata request (type=MetadataRequest, topics=test1) to node 192.168.10.22:9092 (id: -1 rack: null)
2021-12-13 00:20:38  [ kafka-producer-network-thread | producer-1:4600 ] - [ DEBUG ]  
Updated cluster metadata version 2 to Cluster(id = Bf8qbW4-TX-L021ZbJe0Pg, nodes = [DESKTOP-2HHVILQ:9092 (id: 0 rack: null)], partitions = [Partition(topic = test1, partition = 0, leader = 0, replicas = [0], isr = [0])])
2021-12-13 00:20:38  [ kafka-producer-network-thread | producer-1:4616 ] - [ DEBUG ]  
Initiating connection to node DESKTOP-2HHVILQ:9092 (id: 0 rack: null)
2021-12-13 00:20:38  [ kafka-producer-network-thread | producer-1:4616 ] - [ DEBUG ]  
Added sensor with name node-0.bytes-sent
2021-12-13 00:20:38  [ Source: Collection Source -> (Sink: Print to Std. Out, Sink: Unnamed) (1/1):4618 ] - [ DEBUG ]  
Finished task Source: Collection Source -> (Sink: Print to Std. Out, Sink: Unnamed) (1/1)
2021-12-13 00:20:38  [ kafka-producer-network-thread | producer-1:4618 ] - [ DEBUG ]  
Added sensor with name node-0.bytes-received
2021-12-13 00:20:38  [ kafka-producer-network-thread | producer-1:4619 ] - [ DEBUG ]  
Added sensor with name node-0.latency
2021-12-13 00:20:38  [ kafka-producer-network-thread | producer-1:4620 ] - [ DEBUG ]  
Created socket with SO_RCVBUF = 32768, SO_SNDBUF = 131072, SO_TIMEOUT = 0 to node 0
2021-12-13 00:20:38  [ kafka-producer-network-thread | producer-1:4620 ] - [ DEBUG ]  
Completed connection to node 0. Fetching API versions.
2021-12-13 00:20:38  [ kafka-producer-network-thread | producer-1:4620 ] - [ DEBUG ]  
Initiating API versions fetch from node 0.
2021-12-13 00:20:38  [ kafka-producer-network-thread | producer-1:4624 ] - [ DEBUG ]  
Recorded API versions for node 0: (Produce(0): 0 to 6 [usable: 3], Fetch(1): 0 to 8 [usable: 5], Offsets(2): 0 to 3 [usable: 2], Metadata(3): 0 to 6 [usable: 4], LeaderAndIsr(4): 0 to 1 [usable: 0], StopReplica(5): 0 [usable: 0], UpdateMetadata(6): 0 to 4 [usable: 3], ControlledShutdown(7): 0 to 1 [usable: 1], OffsetCommit(8): 0 to 4 [usable: 3], OffsetFetch(9): 0 to 4 [usable: 3], FindCoordinator(10): 0 to 2 [usable: 1], JoinGroup(11): 0 to 3 [usable: 2], Heartbeat(12): 0 to 2 [usable: 1], LeaveGroup(13): 0 to 2 [usable: 1], SyncGroup(14): 0 to 2 [usable: 1], DescribeGroups(15): 0 to 2 [usable: 1], ListGroups(16): 0 to 2 [usable: 1], SaslHandshake(17): 0 to 1 [usable: 0], ApiVersions(18): 0 to 2 [usable: 1], CreateTopics(19): 0 to 3 [usable: 2], DeleteTopics(20): 0 to 2 [usable: 1], DeleteRecords(21): 0 to 1 [usable: 0], InitProducerId(22): 0 to 1 [usable: 0], OffsetForLeaderEpoch(23): 0 to 1 [usable: 0], AddPartitionsToTxn(24): 0 to 1 [usable: 0], AddOffsetsToTxn(25): 0 to 1 [usable: 0], EndTxn(26): 0 to 1 [usable: 0], WriteTxnMarkers(27): 0 [usable: 0], TxnOffsetCommit(28): 0 to 1 [usable: 0], DescribeAcls(29): 0 to 1 [usable: 0], CreateAcls(30): 0 to 1 [usable: 0], DeleteAcls(31): 0 to 1 [usable: 0], DescribeConfigs(32): 0 to 2 [usable: 0], AlterConfigs(33): 0 to 1 [usable: 0], UNKNOWN(34): 0 to 1, UNKNOWN(35): 0 to 1, UNKNOWN(36): 0, UNKNOWN(37): 0 to 1, UNKNOWN(38): 0 to 1, UNKNOWN(39): 0 to 1, UNKNOWN(40): 0 to 1, UNKNOWN(41): 0 to 1, UNKNOWN(42): 0 to 1)
2021-12-13 00:20:38  [ kafka-producer-network-thread | producer-1:4634 ] - [ DEBUG ]  
Added sensor with name topic.test1.records-per-batch
2021-12-13 00:20:38  [ kafka-producer-network-thread | producer-1:4634 ] - [ DEBUG ]  
Added sensor with name topic.test1.bytes
2021-12-13 00:20:38  [ kafka-producer-network-thread | producer-1:4635 ] - [ DEBUG ]  
Added sensor with name topic.test1.compression-rate
2021-12-13 00:20:38  [ kafka-producer-network-thread | producer-1:4636 ] - [ DEBUG ]  
Added sensor with name topic.test1.record-retries
2021-12-13 00:20:38  [ kafka-producer-network-thread | producer-1:4636 ] - [ DEBUG ]  
Added sensor with name topic.test1.record-errors
2021-12-13 00:20:38  [ Source: Collection Source -> (Sink: Print to Std. Out, Sink: Unnamed) (1/1):4693 ] - [ INFO ]  
Closing the Kafka producer with timeoutMillis = 9223372036854775807 ms.
2021-12-13 00:20:38  [ kafka-producer-network-thread | producer-1:4693 ] - [ DEBUG ]  
Beginning shutdown of Kafka producer I/O thread, sending remaining records.
2021-12-13 00:20:38  [ kafka-producer-network-thread | producer-1:4693 ] - [ DEBUG ]  
Removed sensor with name connections-closed:
2021-12-13 00:20:38  [ kafka-producer-network-thread | producer-1:4693 ] - [ DEBUG ]  
Removed sensor with name connections-created:
2021-12-13 00:20:38  [ kafka-producer-network-thread | producer-1:4693 ] - [ DEBUG ]  
Removed sensor with name bytes-sent-received:
2021-12-13 00:20:38  [ kafka-producer-network-thread | producer-1:4693 ] - [ DEBUG ]  
Removed sensor with name bytes-sent:
2021-12-13 00:20:38  [ kafka-producer-network-thread | producer-1:4693 ] - [ DEBUG ]  
Removed sensor with name bytes-received:
2021-12-13 00:20:38  [ kafka-producer-network-thread | producer-1:4695 ] - [ DEBUG ]  
Removed sensor with name select-time:
2021-12-13 00:20:38  [ kafka-producer-network-thread | producer-1:4695 ] - [ DEBUG ]  
Removed sensor with name io-time:
2021-12-13 00:20:38  [ kafka-producer-network-thread | producer-1:4695 ] - [ DEBUG ]  
Removed sensor with name node--1.bytes-sent
2021-12-13 00:20:38  [ kafka-producer-network-thread | producer-1:4695 ] - [ DEBUG ]  
Removed sensor with name node--1.bytes-received
2021-12-13 00:20:38  [ kafka-producer-network-thread | producer-1:4695 ] - [ DEBUG ]  
Removed sensor with name node--1.latency
2021-12-13 00:20:38  [ kafka-producer-network-thread | producer-1:4696 ] - [ DEBUG ]  
Removed sensor with name node-0.bytes-sent
2021-12-13 00:20:38  [ kafka-producer-network-thread | producer-1:4696 ] - [ DEBUG ]  
Removed sensor with name node-0.bytes-received
2021-12-13 00:20:38  [ kafka-producer-network-thread | producer-1:4696 ] - [ DEBUG ]  
Removed sensor with name node-0.latency
2021-12-13 00:20:38  [ kafka-producer-network-thread | producer-1:4696 ] - [ DEBUG ]  
Shutdown of Kafka producer I/O thread has completed.
2021-12-13 00:20:38  [ Source: Collection Source -> (Sink: Print to Std. Out, Sink: Unnamed) (1/1):4696 ] - [ DEBUG ]  
Kafka producer with client id producer-1 has been closed
2021-12-13 00:20:38  [ Source: Collection Source -> (Sink: Print to Std. Out, Sink: Unnamed) (1/1):4696 ] - [ DEBUG ]  
Closed operators for task Source: Collection Source -> (Sink: Print to Std. Out, Sink: Unnamed) (1/1)
2021-12-13 00:20:38  [ Source: Collection Source -> (Sink: Print to Std. Out, Sink: Unnamed) (1/1):4700 ] - [ INFO ]  
Source: Collection Source -> (Sink: Print to Std. Out, Sink: Unnamed) (1/1) (238c0a65fab84f3def2d6a43b98771f7) switched from RUNNING to FINISHED.
2021-12-13 00:20:38  [ Source: Collection Source -> (Sink: Print to Std. Out, Sink: Unnamed) (1/1):4700 ] - [ INFO ]  
Freeing task resources for Source: Collection Source -> (Sink: Print to Std. Out, Sink: Unnamed) (1/1) (238c0a65fab84f3def2d6a43b98771f7).
2021-12-13 00:20:38  [ Source: Collection Source -> (Sink: Print to Std. Out, Sink: Unnamed) (1/1):4700 ] - [ DEBUG ]  
Release task Source: Collection Source -> (Sink: Print to Std. Out, Sink: Unnamed) (1/1) network resources (state: FINISHED).
2021-12-13 00:20:38  [ Source: Collection Source -> (Sink: Print to Std. Out, Sink: Unnamed) (1/1):4702 ] - [ INFO ]  
Ensuring all FileSystem streams are closed for task Source: Collection Source -> (Sink: Print to Std. Out, Sink: Unnamed) (1/1) (238c0a65fab84f3def2d6a43b98771f7) [FINISHED]
2021-12-13 00:20:38  [ flink-akka.actor.default-dispatcher-4:4705 ] - [ INFO ]  
Un-registering task and sending final execution state FINISHED to JobManager for task Source: Collection Source -> (Sink: Print to Std. Out, Sink: Unnamed) (1/1) 238c0a65fab84f3def2d6a43b98771f7.
2021-12-13 00:20:38  [ flink-akka.actor.default-dispatcher-2:4713 ] - [ INFO ]  
Source: Collection Source -> (Sink: Print to Std. Out, Sink: Unnamed) (1/1) (238c0a65fab84f3def2d6a43b98771f7) switched from RUNNING to FINISHED.
2021-12-13 00:20:38  [ flink-akka.actor.default-dispatcher-2:4713 ] - [ DEBUG ]  
Ignoring transition of vertex Source: Collection Source -> (Sink: Print to Std. Out, Sink: Unnamed) (1/1) - execution #0 to FAILED while being FINISHED.
2021-12-13 00:20:38  [ flink-akka.actor.default-dispatcher-2:4713 ] - [ DEBUG ]  
Releasing slot [SlotRequestId{991dbd3e6dfcba9adf3b477d8452d2c9}] because: Release multi task slot because all children have been released.
2021-12-13 00:20:38  [ flink-akka.actor.default-dispatcher-2:4715 ] - [ DEBUG ]  
Adding returned slot [ed2ec3b7e93b4c69837d188c1a1f45bc] to available slots
2021-12-13 00:20:38  [ flink-akka.actor.default-dispatcher-2:4718 ] - [ INFO ]  
Job Flink Streaming Job (b1504330ebef8c4423ed2d9bf08ae49f) switched from state RUNNING to FINISHED.
2021-12-13 00:20:38  [ flink-akka.actor.default-dispatcher-2:4718 ] - [ INFO ]  
Stopping checkpoint coordinator for job b1504330ebef8c4423ed2d9bf08ae49f.
2021-12-13 00:20:38  [ flink-akka.actor.default-dispatcher-2:4719 ] - [ INFO ]  
Shutting down
2021-12-13 00:20:38  [ flink-akka.actor.default-dispatcher-4:4729 ] - [ INFO ]  
Shutting down Flink Mini Cluster
2021-12-13 00:20:38  [ flink-akka.actor.default-dispatcher-5:4729 ] - [ INFO ]  
Job b1504330ebef8c4423ed2d9bf08ae49f reached globally terminal state FINISHED.
2021-12-13 00:20:38  [ flink-akka.actor.default-dispatcher-4:4729 ] - [ INFO ]  
Shutting down rest endpoint.
2021-12-13 00:20:38  [ flink-akka.actor.default-dispatcher-3:4729 ] - [ INFO ]  
Stopping TaskExecutor akka://flink/user/taskmanager_0.
2021-12-13 00:20:38  [ flink-akka.actor.default-dispatcher-3:4729 ] - [ DEBUG ]  
Close ResourceManager connection ef9870b77eefa9742c76b26895d9bbf8.
org.apache.flink.util.FlinkException: The TaskExecutor is shutting down.
	at org.apache.flink.runtime.taskexecutor.TaskExecutor.onStop(TaskExecutor.java:360)
	at org.apache.flink.runtime.rpc.RpcEndpoint.internalCallOnStop(RpcEndpoint.java:218)
	at org.apache.flink.runtime.rpc.akka.AkkaRpcActor$StartedState.terminate(AkkaRpcActor.java:514)
	at org.apache.flink.runtime.rpc.akka.AkkaRpcActor.handleControlMessage(AkkaRpcActor.java:176)
	at akka.japi.pf.UnitCaseStatement.apply(CaseStatements.scala:26)
	at akka.japi.pf.UnitCaseStatement.apply(CaseStatements.scala:21)
	at scala.PartialFunction.applyOrElse(PartialFunction.scala:123)
	at scala.PartialFunction.applyOrElse$(PartialFunction.scala:122)
	at akka.japi.pf.UnitCaseStatement.applyOrElse(CaseStatements.scala:21)
	at scala.PartialFunction$OrElse.applyOrElse(PartialFunction.scala:171)
	at scala.PartialFunction$OrElse.applyOrElse(PartialFunction.scala:172)
	at akka.actor.Actor.aroundReceive(Actor.scala:517)
	at akka.actor.Actor.aroundReceive$(Actor.scala:515)
	at akka.actor.AbstractActor.aroundReceive(AbstractActor.scala:225)
	at akka.actor.ActorCell.receiveMessage(ActorCell.scala:592)
	at akka.actor.ActorCell.invoke(ActorCell.scala:561)
	at akka.dispatch.Mailbox.processMailbox(Mailbox.scala:258)
	at akka.dispatch.Mailbox.run(Mailbox.scala:225)
	at akka.dispatch.Mailbox.exec(Mailbox.scala:235)
	at akka.dispatch.forkjoin.ForkJoinTask.doExec(ForkJoinTask.java:260)
	at akka.dispatch.forkjoin.ForkJoinPool$WorkQueue.runTask(ForkJoinPool.java:1339)
	at akka.dispatch.forkjoin.ForkJoinPool.runWorker(ForkJoinPool.java:1979)
	at akka.dispatch.forkjoin.ForkJoinWorkerThread.run(ForkJoinWorkerThread.java:107)
2021-12-13 00:20:38  [ flink-akka.actor.default-dispatcher-5:4732 ] - [ INFO ]  
Closing TaskExecutor connection 42c21fbe-fd0f-4acf-b1fe-b61547c3758a because: The TaskExecutor is shutting down.
2021-12-13 00:20:38  [ flink-akka.actor.default-dispatcher-5:4732 ] - [ DEBUG ]  
Unregister TaskManager a39ca72c8cf0d3164398d124e1bd31fb from the SlotManager.
2021-12-13 00:20:38  [ flink-akka.actor.default-dispatcher-2:4732 ] - [ INFO ]  
Stopping the JobMaster for job Flink Streaming Job(b1504330ebef8c4423ed2d9bf08ae49f).
2021-12-13 00:20:38  [ flink-akka.actor.default-dispatcher-2:4732 ] - [ DEBUG ]  
Disconnect TaskExecutor 42c21fbe-fd0f-4acf-b1fe-b61547c3758a because: Stopping JobMaster for job Flink Streaming Job(b1504330ebef8c4423ed2d9bf08ae49f).
2021-12-13 00:20:38  [ flink-akka.actor.default-dispatcher-2:4734 ] - [ INFO ]  
Suspending SlotPool.
2021-12-13 00:20:38  [ flink-akka.actor.default-dispatcher-2:4734 ] - [ DEBUG ]  
Close ResourceManager connection ef9870b77eefa9742c76b26895d9bbf8.
org.apache.flink.util.FlinkException: JobManager is shutting down.
	at org.apache.flink.runtime.jobmaster.JobMaster.onStop(JobMaster.java:350)
	at org.apache.flink.runtime.rpc.RpcEndpoint.internalCallOnStop(RpcEndpoint.java:218)
	at org.apache.flink.runtime.rpc.akka.AkkaRpcActor$StartedState.terminate(AkkaRpcActor.java:514)
	at org.apache.flink.runtime.rpc.akka.AkkaRpcActor.handleControlMessage(AkkaRpcActor.java:176)
	at akka.japi.pf.UnitCaseStatement.apply(CaseStatements.scala:26)
	at akka.japi.pf.UnitCaseStatement.apply(CaseStatements.scala:21)
	at scala.PartialFunction.applyOrElse(PartialFunction.scala:123)
	at scala.PartialFunction.applyOrElse$(PartialFunction.scala:122)
	at akka.japi.pf.UnitCaseStatement.applyOrElse(CaseStatements.scala:21)
	at scala.PartialFunction$OrElse.applyOrElse(PartialFunction.scala:171)
	at scala.PartialFunction$OrElse.applyOrElse(PartialFunction.scala:172)
	at akka.actor.Actor.aroundReceive(Actor.scala:517)
	at akka.actor.Actor.aroundReceive$(Actor.scala:515)
	at akka.actor.AbstractActor.aroundReceive(AbstractActor.scala:225)
	at akka.actor.ActorCell.receiveMessage(ActorCell.scala:592)
	at akka.actor.ActorCell.invoke(ActorCell.scala:561)
	at akka.dispatch.Mailbox.processMailbox(Mailbox.scala:258)
	at akka.dispatch.Mailbox.run(Mailbox.scala:225)
	at akka.dispatch.Mailbox.exec(Mailbox.scala:235)
	at akka.dispatch.forkjoin.ForkJoinTask.doExec(ForkJoinTask.java:260)
	at akka.dispatch.forkjoin.ForkJoinPool$WorkQueue.runTask(ForkJoinPool.java:1339)
	at akka.dispatch.forkjoin.ForkJoinPool.runWorker(ForkJoinPool.java:1979)
	at akka.dispatch.forkjoin.ForkJoinWorkerThread.run(ForkJoinWorkerThread.java:107)
2021-12-13 00:20:38  [ flink-akka.actor.default-dispatcher-2:4734 ] - [ INFO ]  
Stopping SlotPool.
2021-12-13 00:20:38  [ flink-akka.actor.default-dispatcher-5:4734 ] - [ INFO ]  
Disconnect job manager 8697c9490eecdb2adaa82c2f91a24097@akka://flink/user/jobmanager_1 for job b1504330ebef8c4423ed2d9bf08ae49f from the resource manager.
2021-12-13 00:20:38  [ flink-akka.actor.default-dispatcher-3:4734 ] - [ DEBUG ]  
Free slot TaskSlot(index:0, state:ACTIVE, resource profile: ResourceProfile{managedMemory=128.000mb (134217728 bytes), networkMemory=64.000mb (67108864 bytes)}, allocationId: ed2ec3b7e93b4c69837d188c1a1f45bc, jobId: b1504330ebef8c4423ed2d9bf08ae49f).
org.apache.flink.util.FlinkException: Closing task slot table
	at org.apache.flink.runtime.taskexecutor.slot.TaskSlotTableImpl.closeAsync(TaskSlotTableImpl.java:160)
	at org.apache.flink.runtime.taskexecutor.TaskExecutor.onStop(TaskExecutor.java:376)
	at org.apache.flink.runtime.rpc.RpcEndpoint.internalCallOnStop(RpcEndpoint.java:218)
	at org.apache.flink.runtime.rpc.akka.AkkaRpcActor$StartedState.terminate(AkkaRpcActor.java:514)
	at org.apache.flink.runtime.rpc.akka.AkkaRpcActor.handleControlMessage(AkkaRpcActor.java:176)
	at akka.japi.pf.UnitCaseStatement.apply(CaseStatements.scala:26)
	at akka.japi.pf.UnitCaseStatement.apply(CaseStatements.scala:21)
	at scala.PartialFunction.applyOrElse(PartialFunction.scala:123)
	at scala.PartialFunction.applyOrElse$(PartialFunction.scala:122)
	at akka.japi.pf.UnitCaseStatement.applyOrElse(CaseStatements.scala:21)
	at scala.PartialFunction$OrElse.applyOrElse(PartialFunction.scala:171)
	at scala.PartialFunction$OrElse.applyOrElse(PartialFunction.scala:172)
	at akka.actor.Actor.aroundReceive(Actor.scala:517)
	at akka.actor.Actor.aroundReceive$(Actor.scala:515)
	at akka.actor.AbstractActor.aroundReceive(AbstractActor.scala:225)
	at akka.actor.ActorCell.receiveMessage(ActorCell.scala:592)
	at akka.actor.ActorCell.invoke(ActorCell.scala:561)
	at akka.dispatch.Mailbox.processMailbox(Mailbox.scala:258)
	at akka.dispatch.Mailbox.run(Mailbox.scala:225)
	at akka.dispatch.Mailbox.exec(Mailbox.scala:235)
	at akka.dispatch.forkjoin.ForkJoinTask.doExec(ForkJoinTask.java:260)
	at akka.dispatch.forkjoin.ForkJoinPool$WorkQueue.runTask(ForkJoinPool.java:1339)
	at akka.dispatch.forkjoin.ForkJoinPool.runWorker(ForkJoinPool.java:1979)
	at akka.dispatch.forkjoin.ForkJoinWorkerThread.run(ForkJoinWorkerThread.java:107)
2021-12-13 00:20:38  [ mini-cluster-io-thread-3:4737 ] - [ DEBUG ]  
New leader information for job b1504330ebef8c4423ed2d9bf08ae49f. Address: null, leader id: null.
2021-12-13 00:20:38  [ mini-cluster-io-thread-3:4737 ] - [ INFO ]  
JobManager for job b1504330ebef8c4423ed2d9bf08ae49f with leader id 8697c9490eecdb2adaa82c2f91a24097 lost leadership.
2021-12-13 00:20:38  [ mini-cluster-io-thread-2:4737 ] - [ DEBUG ]  
Found a new job leader null@null.
2021-12-13 00:20:38  [ flink-akka.actor.default-dispatcher-3:4741 ] - [ DEBUG ]  
Free slot with allocation id ed2ec3b7e93b4c69837d188c1a1f45bc because: Stopping JobMaster for job Flink Streaming Job(b1504330ebef8c4423ed2d9bf08ae49f).
2021-12-13 00:20:38  [ flink-akka.actor.default-dispatcher-3:4741 ] - [ DEBUG ]  
Could not free slot for allocation id ed2ec3b7e93b4c69837d188c1a1f45bc.
org.apache.flink.runtime.taskexecutor.slot.SlotNotFoundException: Could not find slot for ed2ec3b7e93b4c69837d188c1a1f45bc.
	at org.apache.flink.runtime.taskexecutor.slot.TaskSlotTableImpl.freeSlot(TaskSlotTableImpl.java:367)
	at org.apache.flink.runtime.taskexecutor.TaskExecutor.freeSlotInternal(TaskExecutor.java:1481)
	at org.apache.flink.runtime.taskexecutor.TaskExecutor.freeSlot(TaskExecutor.java:885)
	at sun.reflect.NativeMethodAccessorImpl.invoke0(Native Method)
	at sun.reflect.NativeMethodAccessorImpl.invoke(NativeMethodAccessorImpl.java:62)
	at sun.reflect.DelegatingMethodAccessorImpl.invoke(DelegatingMethodAccessorImpl.java:43)
	at java.lang.reflect.Method.invoke(Method.java:498)
	at org.apache.flink.runtime.rpc.akka.AkkaRpcActor.handleRpcInvocation(AkkaRpcActor.java:284)
	at org.apache.flink.runtime.rpc.akka.AkkaRpcActor.handleRpcMessage(AkkaRpcActor.java:199)
	at org.apache.flink.runtime.rpc.akka.AkkaRpcActor.handleMessage(AkkaRpcActor.java:152)
	at akka.japi.pf.UnitCaseStatement.apply(CaseStatements.scala:26)
	at akka.japi.pf.UnitCaseStatement.apply(CaseStatements.scala:21)
	at scala.PartialFunction.applyOrElse(PartialFunction.scala:123)
	at scala.PartialFunction.applyOrElse$(PartialFunction.scala:122)
	at akka.japi.pf.UnitCaseStatement.applyOrElse(CaseStatements.scala:21)
	at scala.PartialFunction$OrElse.applyOrElse(PartialFunction.scala:171)
	at scala.PartialFunction$OrElse.applyOrElse(PartialFunction.scala:172)
	at scala.PartialFunction$OrElse.applyOrElse(PartialFunction.scala:172)
	at akka.actor.Actor.aroundReceive(Actor.scala:517)
	at akka.actor.Actor.aroundReceive$(Actor.scala:515)
	at akka.actor.AbstractActor.aroundReceive(AbstractActor.scala:225)
	at akka.actor.ActorCell.receiveMessage(ActorCell.scala:592)
	at akka.actor.ActorCell.invoke(ActorCell.scala:561)
	at akka.dispatch.Mailbox.processMailbox(Mailbox.scala:258)
	at akka.dispatch.Mailbox.run(Mailbox.scala:225)
	at akka.dispatch.Mailbox.exec(Mailbox.scala:235)
	at akka.dispatch.forkjoin.ForkJoinTask.doExec(ForkJoinTask.java:260)
	at akka.dispatch.forkjoin.ForkJoinPool$WorkQueue.runTask(ForkJoinPool.java:1339)
	at akka.dispatch.forkjoin.ForkJoinPool.runWorker(ForkJoinPool.java:1979)
	at akka.dispatch.forkjoin.ForkJoinWorkerThread.run(ForkJoinWorkerThread.java:107)
2021-12-13 00:20:38  [ flink-akka.actor.default-dispatcher-3:4741 ] - [ DEBUG ]  
Releasing local state under allocation id ed2ec3b7e93b4c69837d188c1a1f45bc.
2021-12-13 00:20:38  [ flink-akka.actor.default-dispatcher-5:4742 ] - [ DEBUG ]  
Discard job leader lost leadership for outdated leader 8697c9490eecdb2adaa82c2f91a24097 for job b1504330ebef8c4423ed2d9bf08ae49f.
2021-12-13 00:20:38  [ flink-akka.actor.default-dispatcher-3:4752 ] - [ DEBUG ]  
Close JobManager connection for job b1504330ebef8c4423ed2d9bf08ae49f.
org.apache.flink.util.FlinkException: Stopping JobMaster for job Flink Streaming Job(b1504330ebef8c4423ed2d9bf08ae49f).
	at org.apache.flink.runtime.jobmaster.JobMaster.onStop(JobMaster.java:343)
	at org.apache.flink.runtime.rpc.RpcEndpoint.internalCallOnStop(RpcEndpoint.java:218)
	at org.apache.flink.runtime.rpc.akka.AkkaRpcActor$StartedState.terminate(AkkaRpcActor.java:514)
	at org.apache.flink.runtime.rpc.akka.AkkaRpcActor.handleControlMessage(AkkaRpcActor.java:176)
	at akka.japi.pf.UnitCaseStatement.apply(CaseStatements.scala:26)
	at akka.japi.pf.UnitCaseStatement.apply(CaseStatements.scala:21)
	at scala.PartialFunction.applyOrElse(PartialFunction.scala:123)
	at scala.PartialFunction.applyOrElse$(PartialFunction.scala:122)
	at akka.japi.pf.UnitCaseStatement.applyOrElse(CaseStatements.scala:21)
	at scala.PartialFunction$OrElse.applyOrElse(PartialFunction.scala:171)
	at scala.PartialFunction$OrElse.applyOrElse(PartialFunction.scala:172)
	at akka.actor.Actor.aroundReceive(Actor.scala:517)
	at akka.actor.Actor.aroundReceive$(Actor.scala:515)
	at akka.actor.AbstractActor.aroundReceive(AbstractActor.scala:225)
	at akka.actor.ActorCell.receiveMessage(ActorCell.scala:592)
	at akka.actor.ActorCell.invoke(ActorCell.scala:561)
	at akka.dispatch.Mailbox.processMailbox(Mailbox.scala:258)
	at akka.dispatch.Mailbox.run(Mailbox.scala:225)
	at akka.dispatch.Mailbox.exec(Mailbox.scala:235)
	at akka.dispatch.forkjoin.ForkJoinTask.doExec(ForkJoinTask.java:260)
	at akka.dispatch.forkjoin.ForkJoinPool$WorkQueue.runTask(ForkJoinPool.java:1339)
	at akka.dispatch.forkjoin.ForkJoinPool.runWorker(ForkJoinPool.java:1979)
	at akka.dispatch.forkjoin.ForkJoinWorkerThread.run(ForkJoinWorkerThread.java:107)
2021-12-13 00:20:38  [ ForkJoinPool.commonPool-worker-1:4756 ] - [ INFO ]  
Removing cache directory C:\Users\zzj\AppData\Local\Temp\flink-web-ui
2021-12-13 00:20:38  [ ForkJoinPool.commonPool-worker-1:4758 ] - [ INFO ]  
Shut down complete.
2021-12-13 00:20:38  [ flink-akka.actor.default-dispatcher-3:4758 ] - [ DEBUG ]  
Cannot reconnect to an unknown JobMaster.
2021-12-13 00:20:38  [ flink-akka.actor.default-dispatcher-3:4758 ] - [ INFO ]  
Stop job leader service.
2021-12-13 00:20:38  [ flink-akka.actor.default-dispatcher-3:4758 ] - [ INFO ]  
Shutting down TaskExecutorLocalStateStoresManager.
2021-12-13 00:20:38  [ flink-akka.actor.default-dispatcher-3:4758 ] - [ DEBUG ]  
Shutting down I/O manager.
2021-12-13 00:20:38  [ flink-akka.actor.default-dispatcher-5:4760 ] - [ INFO ]  
Shut down cluster because application is in CANCELED, diagnostics DispatcherResourceManagerComponent has been closed..
2021-12-13 00:20:38  [ flink-akka.actor.default-dispatcher-4:4760 ] - [ INFO ]  
Closing components.
2021-12-13 00:20:38  [ flink-akka.actor.default-dispatcher-4:4762 ] - [ INFO ]  
Stopping SessionDispatcherLeaderProcess.
2021-12-13 00:20:38  [ flink-akka.actor.default-dispatcher-5:4762 ] - [ INFO ]  
Stopping dispatcher akka://flink/user/dispatcher.
2021-12-13 00:20:38  [ flink-akka.actor.default-dispatcher-5:4762 ] - [ INFO ]  
Stopping all currently running jobs of dispatcher akka://flink/user/dispatcher.
2021-12-13 00:20:38  [ flink-akka.actor.default-dispatcher-2:4762 ] - [ INFO ]  
Closing the SlotManager.
2021-12-13 00:20:38  [ flink-akka.actor.default-dispatcher-2:4762 ] - [ INFO ]  
Suspending the SlotManager.
2021-12-13 00:20:38  [ flink-akka.actor.default-dispatcher-3:4763 ] - [ INFO ]  
FileChannelManager removed spill file directory C:\Users\zzj\AppData\Local\Temp\flink-io-f6d5c211-d8e0-4942-a91c-774c02d52743
2021-12-13 00:20:38  [ flink-akka.actor.default-dispatcher-5:4763 ] - [ INFO ]  
Shutting down back pressure request coordinator.
2021-12-13 00:20:38  [ flink-akka.actor.default-dispatcher-5:4779 ] - [ INFO ]  
Stopped dispatcher akka://flink/user/dispatcher.
2021-12-13 00:20:38  [ flink-akka.actor.default-dispatcher-3:4776 ] - [ INFO ]  
Shutting down the network environment and its components.
2021-12-13 00:20:38  [ flink-akka.actor.default-dispatcher-3:4780 ] - [ DEBUG ]  
Shutting down network connection manager
2021-12-13 00:20:38  [ flink-akka.actor.default-dispatcher-3:4780 ] - [ DEBUG ]  
Shutting down intermediate result partition manager
2021-12-13 00:20:38  [ flink-akka.actor.default-dispatcher-3:4780 ] - [ DEBUG ]  
Releasing 0 partitions because of shutdown.
2021-12-13 00:20:38  [ flink-akka.actor.default-dispatcher-3:4780 ] - [ DEBUG ]  
Successful shutdown.
2021-12-13 00:20:38  [ flink-akka.actor.default-dispatcher-3:4783 ] - [ INFO ]  
FileChannelManager removed spill file directory C:\Users\zzj\AppData\Local\Temp\flink-netty-shuffle-7b56d486-fdb8-448b-920f-49056c08392e
2021-12-13 00:20:38  [ flink-akka.actor.default-dispatcher-3:4785 ] - [ INFO ]  
Shutting down the kvState service and its components.
2021-12-13 00:20:38  [ flink-akka.actor.default-dispatcher-3:4785 ] - [ INFO ]  
Stop job leader service.
2021-12-13 00:20:38  [ flink-akka.actor.default-dispatcher-3:4787 ] - [ INFO ]  
removed file cache directory C:\Users\zzj\AppData\Local\Temp\flink-dist-cache-34312c35-2f96-428a-9b3e-c614e4fdcb0e
2021-12-13 00:20:38  [ flink-akka.actor.default-dispatcher-3:4787 ] - [ INFO ]  
Stopped TaskExecutor akka://flink/user/taskmanager_0.
2021-12-13 00:20:38  [ flink-akka.actor.default-dispatcher-3:4789 ] - [ INFO ]  
Stopping Akka RPC service.
2021-12-13 00:20:38  [ flink-metrics-2:4818 ] - [ INFO ]  
Shutting down remote daemon.
2021-12-13 00:20:38  [ flink-metrics-2:4820 ] - [ INFO ]  
Remote daemon shut down; proceeding with flushing remote transports.
2021-12-13 00:20:38  [ flink-metrics-2:4864 ] - [ INFO ]  
Remoting shut down.
2021-12-13 00:20:38  [ flink-metrics-2:4892 ] - [ INFO ]  
Stopping Akka RPC service.
2021-12-13 00:20:38  [ flink-metrics-2:4892 ] - [ INFO ]  
Stopped Akka RPC service.
2021-12-13 00:20:38  [ flink-akka.actor.default-dispatcher-2:4893 ] - [ DEBUG ]  
shutting down: StandardOutLogger
2021-12-13 00:20:38  [ flink-akka.actor.default-dispatcher-5:4903 ] - [ INFO ]  
Shutting down BLOB cache
2021-12-13 00:20:38  [ flink-akka.actor.default-dispatcher-5:4904 ] - [ INFO ]  
Shutting down BLOB cache
2021-12-13 00:20:38  [ flink-akka.actor.default-dispatcher-5:4906 ] - [ INFO ]  
Stopped BLOB server at 0.0.0.0:54467
2021-12-13 00:20:38  [ flink-akka.actor.default-dispatcher-5:4906 ] - [ INFO ]  
Stopped Akka RPC service.
